{"meta": {"format": 3, "version": "7.13.4", "timestamp": "2026-03-02T01:54:20.320702", "branch_coverage": false, "show_contexts": false}, "files": {"app\\__init__.py": {"executed_lines": [], "summary": {"covered_lines": 0, "num_statements": 0, "percent_covered": 100.0, "percent_covered_display": "100", "missing_lines": 0, "excluded_lines": 0, "percent_statements_covered": 100.0, "percent_statements_covered_display": "100"}, "missing_lines": [], "excluded_lines": [], "functions": {"": {"executed_lines": [], "summary": {"covered_lines": 0, "num_statements": 0, "percent_covered": 100.0, "percent_covered_display": "100", "missing_lines": 0, "excluded_lines": 0, "percent_statements_covered": 100.0, "percent_statements_covered_display": "100"}, "missing_lines": [], "excluded_lines": [], "start_line": 1}}, "classes": {"": {"executed_lines": [], "summary": {"covered_lines": 0, "num_statements": 0, "percent_covered": 100.0, "percent_covered_display": "100", "missing_lines": 0, "excluded_lines": 0, "percent_statements_covered": 100.0, "percent_statements_covered_display": "100"}, "missing_lines": [], "excluded_lines": [], "start_line": 1}}}, "app\\config.py": {"executed_lines": [2, 5, 6, 8, 9, 10, 11, 13, 14, 15, 16, 17, 18, 19, 22, 23, 26, 27, 28, 29, 30, 32, 33, 36], "summary": {"covered_lines": 24, "num_statements": 24, "percent_covered": 100.0, "percent_covered_display": "100", "missing_lines": 0, "excluded_lines": 0, "percent_statements_covered": 100.0, "percent_statements_covered_display": "100"}, "missing_lines": [], "excluded_lines": [], "functions": {"": {"executed_lines": [2, 5, 6, 8, 9, 10, 11, 13, 14, 15, 16, 17, 18, 19, 22, 23, 26, 27, 28, 29, 30, 32, 33, 36], "summary": {"covered_lines": 24, "num_statements": 24, "percent_covered": 100.0, "percent_covered_display": "100", "missing_lines": 0, "excluded_lines": 0, "percent_statements_covered": 100.0, "percent_statements_covered_display": "100"}, "missing_lines": [], "excluded_lines": [], "start_line": 1}}, "classes": {"Settings": {"executed_lines": [], "summary": {"covered_lines": 0, "num_statements": 0, "percent_covered": 100.0, "percent_covered_display": "100", "missing_lines": 0, "excluded_lines": 0, "percent_statements_covered": 100.0, "percent_statements_covered_display": "100"}, "missing_lines": [], "excluded_lines": [], "start_line": 5}, "": {"executed_lines": [2, 5, 6, 8, 9, 10, 11, 13, 14, 15, 16, 17, 18, 19, 22, 23, 26, 27, 28, 29, 30, 32, 33, 36], "summary": {"covered_lines": 24, "num_statements": 24, "percent_covered": 100.0, "percent_covered_display": "100", "missing_lines": 0, "excluded_lines": 0, "percent_statements_covered": 100.0, "percent_statements_covered_display": "100"}, "missing_lines": [], "excluded_lines": [], "start_line": 1}}}, "app\\deps.py": {"executed_lines": [5, 7, 8, 9, 10, 11, 13, 23, 26, 27, 28, 29, 32, 34, 37, 48, 50, 51, 52, 54, 57, 59, 62, 63, 66, 67, 70, 72, 73, 74, 75, 76, 77, 79, 80, 81, 84, 86, 89, 98, 99, 100, 101, 111, 113, 116, 118, 121, 124, 127, 132, 133, 134, 136, 139, 141, 144, 145, 146, 148, 149, 151, 159, 160, 161, 163, 166, 168, 169, 170, 173, 174, 177, 179, 180, 181, 185, 190, 191, 192, 193, 194, 195, 196, 197, 198, 199, 200, 201, 202], "summary": {"covered_lines": 90, "num_statements": 99, "percent_covered": 90.9090909090909, "percent_covered_display": "91", "missing_lines": 9, "excluded_lines": 3, "percent_statements_covered": 90.9090909090909, "percent_statements_covered_display": "91"}, "missing_lines": [39, 40, 41, 104, 105, 107, 108, 140, 182], "excluded_lines": [15, 16, 17], "functions": {"get_session": {"executed_lines": [27, 28, 29], "summary": {"covered_lines": 3, "num_statements": 3, "percent_covered": 100.0, "percent_covered_display": "100", "missing_lines": 0, "excluded_lines": 0, "percent_statements_covered": 100.0, "percent_statements_covered_display": "100"}, "missing_lines": [], "excluded_lines": [], "start_line": 26}, "set_session": {"executed_lines": [34], "summary": {"covered_lines": 1, "num_statements": 1, "percent_covered": 100.0, "percent_covered_display": "100", "missing_lines": 0, "excluded_lines": 0, "percent_statements_covered": 100.0, "percent_statements_covered_display": "100"}, "missing_lines": [], "excluded_lines": [], "start_line": 32}, "close_session": {"executed_lines": [], "summary": {"covered_lines": 0, "num_statements": 3, "percent_covered": 0.0, "percent_covered_display": "0", "missing_lines": 3, "excluded_lines": 0, "percent_statements_covered": 0.0, "percent_statements_covered_display": "0"}, "missing_lines": [39, 40, 41], "excluded_lines": [], "start_line": 37}, "get_fleet_snapshot": {"executed_lines": [59], "summary": {"covered_lines": 1, "num_statements": 1, "percent_covered": 100.0, "percent_covered_display": "100", "missing_lines": 0, "excluded_lines": 0, "percent_statements_covered": 100.0, "percent_statements_covered_display": "100"}, "missing_lines": [], "excluded_lines": [], "start_line": 57}, "get_trail": {"executed_lines": [63], "summary": {"covered_lines": 1, "num_statements": 1, "percent_covered": 100.0, "percent_covered_display": "100", "missing_lines": 0, "excluded_lines": 0, "percent_statements_covered": 100.0, "percent_statements_covered_display": "100"}, "missing_lines": [], "excluded_lines": [], "start_line": 62}, "get_fleet_updated_at": {"executed_lines": [67], "summary": {"covered_lines": 1, "num_statements": 1, "percent_covered": 100.0, "percent_covered_display": "100", "missing_lines": 0, "excluded_lines": 0, "percent_statements_covered": 100.0, "percent_statements_covered_display": "100"}, "missing_lines": [], "excluded_lines": [], "start_line": 66}, "get_buses_by_route": {"executed_lines": [72, 73, 74, 75, 76, 77, 79, 80, 81], "summary": {"covered_lines": 9, "num_statements": 9, "percent_covered": 100.0, "percent_covered_display": "100", "missing_lines": 0, "excluded_lines": 0, "percent_statements_covered": 100.0, "percent_statements_covered_display": "100"}, "missing_lines": [], "excluded_lines": [], "start_line": 70}, "get_buses_near_stop": {"executed_lines": [86], "summary": {"covered_lines": 1, "num_statements": 1, "percent_covered": 100.0, "percent_covered_display": "100", "missing_lines": 0, "excluded_lines": 0, "percent_statements_covered": 100.0, "percent_statements_covered_display": "100"}, "missing_lines": [], "excluded_lines": [], "start_line": 84}, "ensure_fleet_fresh": {"executed_lines": [98, 99, 100, 101], "summary": {"covered_lines": 4, "num_statements": 8, "percent_covered": 50.0, "percent_covered_display": "50", "missing_lines": 4, "excluded_lines": 0, "percent_statements_covered": 50.0, "percent_statements_covered_display": "50"}, "missing_lines": [104, 105, 107, 108], "excluded_lines": [], "start_line": 89}, "get_plate_by_kapino": {"executed_lines": [113], "summary": {"covered_lines": 1, "num_statements": 1, "percent_covered": 100.0, "percent_covered_display": "100", "missing_lines": 0, "excluded_lines": 0, "percent_statements_covered": 100.0, "percent_statements_covered_display": "100"}, "missing_lines": [], "excluded_lines": [], "start_line": 111}, "get_last_route_by_kapino": {"executed_lines": [118], "summary": {"covered_lines": 1, "num_statements": 1, "percent_covered": 100.0, "percent_covered_display": "100", "missing_lines": 0, "excluded_lines": 0, "percent_statements_covered": 100.0, "percent_statements_covered_display": "100"}, "missing_lines": [], "excluded_lines": [], "start_line": 116}, "update_fleet": {"executed_lines": [124, 127, 132, 133, 134, 136, 139, 141, 144, 145, 146, 148, 149, 151], "summary": {"covered_lines": 14, "num_statements": 15, "percent_covered": 93.33333333333333, "percent_covered_display": "93", "missing_lines": 1, "excluded_lines": 0, "percent_statements_covered": 93.33333333333333, "percent_statements_covered_display": "93"}, "missing_lines": [140], "excluded_lines": [], "start_line": 121}, "update_stop_index": {"executed_lines": [168, 169, 170], "summary": {"covered_lines": 3, "num_statements": 3, "percent_covered": 100.0, "percent_covered_display": "100", "missing_lines": 0, "excluded_lines": 0, "percent_statements_covered": 100.0, "percent_statements_covered_display": "100"}, "missing_lines": [], "excluded_lines": [], "start_line": 166}, "get_stop_index_updated_at": {"executed_lines": [174], "summary": {"covered_lines": 1, "num_statements": 1, "percent_covered": 100.0, "percent_covered_display": "100", "missing_lines": 0, "excluded_lines": 0, "percent_statements_covered": 100.0, "percent_statements_covered_display": "100"}, "missing_lines": [], "excluded_lines": [], "start_line": 173}, "get_stop_coords": {"executed_lines": [179, 180, 181], "summary": {"covered_lines": 3, "num_statements": 4, "percent_covered": 75.0, "percent_covered_display": "75", "missing_lines": 1, "excluded_lines": 0, "percent_statements_covered": 75.0, "percent_statements_covered_display": "75"}, "missing_lines": [182], "excluded_lines": [], "start_line": 177}, "get_nearby_stops": {"executed_lines": [190, 191, 192, 193, 194, 195, 196, 197, 198, 199, 200, 201, 202], "summary": {"covered_lines": 13, "num_statements": 13, "percent_covered": 100.0, "percent_covered_display": "100", "missing_lines": 0, "excluded_lines": 0, "percent_statements_covered": 100.0, "percent_statements_covered_display": "100"}, "missing_lines": [], "excluded_lines": [], "start_line": 185}, "": {"executed_lines": [5, 7, 8, 9, 10, 11, 13, 23, 26, 32, 37, 48, 50, 51, 52, 54, 57, 62, 66, 70, 84, 89, 111, 116, 121, 159, 160, 161, 163, 166, 173, 177, 185], "summary": {"covered_lines": 33, "num_statements": 33, "percent_covered": 100.0, "percent_covered_display": "100", "missing_lines": 0, "excluded_lines": 3, "percent_statements_covered": 100.0, "percent_statements_covered_display": "100"}, "missing_lines": [], "excluded_lines": [15, 16, 17], "start_line": 1}}, "classes": {"": {"executed_lines": [5, 7, 8, 9, 10, 11, 13, 23, 26, 27, 28, 29, 32, 34, 37, 48, 50, 51, 52, 54, 57, 59, 62, 63, 66, 67, 70, 72, 73, 74, 75, 76, 77, 79, 80, 81, 84, 86, 89, 98, 99, 100, 101, 111, 113, 116, 118, 121, 124, 127, 132, 133, 134, 136, 139, 141, 144, 145, 146, 148, 149, 151, 159, 160, 161, 163, 166, 168, 169, 170, 173, 174, 177, 179, 180, 181, 185, 190, 191, 192, 193, 194, 195, 196, 197, 198, 199, 200, 201, 202], "summary": {"covered_lines": 90, "num_statements": 99, "percent_covered": 90.9090909090909, "percent_covered_display": "91", "missing_lines": 9, "excluded_lines": 3, "percent_statements_covered": 90.9090909090909, "percent_statements_covered_display": "91"}, "missing_lines": [39, 40, 41, 104, 105, 107, 108, 140, 182], "excluded_lines": [15, 16, 17], "start_line": 1}}}, "app\\main.py": {"executed_lines": [2, 4, 5, 6, 7, 9, 10, 11, 13, 14, 16, 17, 18, 24, 35, 51, 63, 71, 72, 107, 114, 121, 122, 123, 124, 125, 128, 129, 135, 136], "summary": {"covered_lines": 30, "num_statements": 66, "percent_covered": 45.45454545454545, "percent_covered_display": "45", "missing_lines": 36, "excluded_lines": 0, "percent_statements_covered": 45.45454545454545, "percent_statements_covered_display": "45"}, "missing_lines": [29, 30, 31, 32, 40, 41, 42, 43, 44, 45, 56, 57, 64, 65, 66, 67, 68, 73, 75, 76, 78, 82, 87, 90, 91, 93, 95, 96, 97, 98, 99, 100, 101, 130, 132, 137], "excluded_lines": [], "functions": {"_on_request_start": {"executed_lines": [], "summary": {"covered_lines": 0, "num_statements": 4, "percent_covered": 0.0, "percent_covered_display": "0", "missing_lines": 4, "excluded_lines": 0, "percent_statements_covered": 0.0, "percent_statements_covered_display": "0"}, "missing_lines": [29, 30, 31, 32], "excluded_lines": [], "start_line": 24}, "_on_request_end": {"executed_lines": [], "summary": {"covered_lines": 0, "num_statements": 6, "percent_covered": 0.0, "percent_covered_display": "0", "missing_lines": 6, "excluded_lines": 0, "percent_statements_covered": 0.0, "percent_statements_covered_display": "0"}, "missing_lines": [40, 41, 42, 43, 44, 45], "excluded_lines": [], "start_line": 35}, "_on_request_exception": {"executed_lines": [], "summary": {"covered_lines": 0, "num_statements": 2, "percent_covered": 0.0, "percent_covered_display": "0", "missing_lines": 2, "excluded_lines": 0, "percent_statements_covered": 0.0, "percent_statements_covered_display": "0"}, "missing_lines": [56, 57], "excluded_lines": [], "start_line": 51}, "_make_trace_config": {"executed_lines": [], "summary": {"covered_lines": 0, "num_statements": 5, "percent_covered": 0.0, "percent_covered_display": "0", "missing_lines": 5, "excluded_lines": 0, "percent_statements_covered": 0.0, "percent_statements_covered_display": "0"}, "missing_lines": [64, 65, 66, 67, 68], "excluded_lines": [], "start_line": 63}, "lifespan": {"executed_lines": [], "summary": {"covered_lines": 0, "num_statements": 16, "percent_covered": 0.0, "percent_covered_display": "0", "missing_lines": 16, "excluded_lines": 0, "percent_statements_covered": 0.0, "percent_statements_covered_display": "0"}, "missing_lines": [73, 75, 76, 78, 82, 87, 90, 91, 93, 95, 96, 97, 98, 99, 100, 101], "excluded_lines": [], "start_line": 72}, "health": {"executed_lines": [], "summary": {"covered_lines": 0, "num_statements": 2, "percent_covered": 0.0, "percent_covered_display": "0", "missing_lines": 2, "excluded_lines": 0, "percent_statements_covered": 0.0, "percent_statements_covered_display": "0"}, "missing_lines": [130, 132], "excluded_lines": [], "start_line": 129}, "root": {"executed_lines": [], "summary": {"covered_lines": 0, "num_statements": 1, "percent_covered": 0.0, "percent_covered_display": "0", "missing_lines": 1, "excluded_lines": 0, "percent_statements_covered": 0.0, "percent_statements_covered_display": "0"}, "missing_lines": [137], "excluded_lines": [], "start_line": 136}, "": {"executed_lines": [2, 4, 5, 6, 7, 9, 10, 11, 13, 14, 16, 17, 18, 24, 35, 51, 63, 71, 72, 107, 114, 121, 122, 123, 124, 125, 128, 129, 135, 136], "summary": {"covered_lines": 30, "num_statements": 30, "percent_covered": 100.0, "percent_covered_display": "100", "missing_lines": 0, "excluded_lines": 0, "percent_statements_covered": 100.0, "percent_statements_covered_display": "100"}, "missing_lines": [], "excluded_lines": [], "start_line": 1}}, "classes": {"": {"executed_lines": [2, 4, 5, 6, 7, 9, 10, 11, 13, 14, 16, 17, 18, 24, 35, 51, 63, 71, 72, 107, 114, 121, 122, 123, 124, 125, 128, 129, 135, 136], "summary": {"covered_lines": 30, "num_statements": 66, "percent_covered": 45.45454545454545, "percent_covered_display": "45", "missing_lines": 36, "excluded_lines": 0, "percent_statements_covered": 45.45454545454545, "percent_statements_covered_display": "45"}, "missing_lines": [29, 30, 31, 32, 40, 41, 42, 43, 44, 45, 56, 57, 64, 65, 66, 67, 68, 73, 75, 76, 78, 82, 87, 90, 91, 93, 95, 96, 97, 98, 99, 100, 101, 130, 132, 137], "excluded_lines": [], "start_line": 1}}}, "app\\models\\__init__.py": {"executed_lines": [1, 2, 3, 4, 6], "summary": {"covered_lines": 5, "num_statements": 5, "percent_covered": 100.0, "percent_covered_display": "100", "missing_lines": 0, "excluded_lines": 0, "percent_statements_covered": 100.0, "percent_statements_covered_display": "100"}, "missing_lines": [], "excluded_lines": [], "functions": {"": {"executed_lines": [1, 2, 3, 4, 6], "summary": {"covered_lines": 5, "num_statements": 5, "percent_covered": 100.0, "percent_covered_display": "100", "missing_lines": 0, "excluded_lines": 0, "percent_statements_covered": 100.0, "percent_statements_covered_display": "100"}, "missing_lines": [], "excluded_lines": [], "start_line": 1}}, "classes": {"": {"executed_lines": [1, 2, 3, 4, 6], "summary": {"covered_lines": 5, "num_statements": 5, "percent_covered": 100.0, "percent_covered_display": "100", "missing_lines": 0, "excluded_lines": 0, "percent_statements_covered": 100.0, "percent_statements_covered_display": "100"}, "missing_lines": [], "excluded_lines": [], "start_line": 1}}}, "app\\models\\bus.py": {"executed_lines": [2, 4, 7, 8, 9, 10, 13, 14, 15, 16, 17, 18, 19, 20, 21, 22, 23, 24, 25, 26, 29, 31, 34, 46, 47, 48, 51, 52, 53, 54, 55, 56, 57, 59, 60, 61, 62, 64], "summary": {"covered_lines": 38, "num_statements": 38, "percent_covered": 100.0, "percent_covered_display": "100", "missing_lines": 0, "excluded_lines": 0, "percent_statements_covered": 100.0, "percent_statements_covered_display": "100"}, "missing_lines": [], "excluded_lines": [], "functions": {"": {"executed_lines": [2, 4, 7, 8, 9, 10, 13, 14, 15, 16, 17, 18, 19, 20, 21, 22, 23, 24, 25, 26, 29, 31, 34, 46, 47, 48, 51, 52, 53, 54, 55, 56, 57, 59, 60, 61, 62, 64], "summary": {"covered_lines": 38, "num_statements": 38, "percent_covered": 100.0, "percent_covered_display": "100", "missing_lines": 0, "excluded_lines": 0, "percent_statements_covered": 100.0, "percent_statements_covered_display": "100"}, "missing_lines": [], "excluded_lines": [], "start_line": 1}}, "classes": {"TrailPoint": {"executed_lines": [], "summary": {"covered_lines": 0, "num_statements": 0, "percent_covered": 100.0, "percent_covered_display": "100", "missing_lines": 0, "excluded_lines": 0, "percent_statements_covered": 100.0, "percent_statements_covered_display": "100"}, "missing_lines": [], "excluded_lines": [], "start_line": 7}, "BusPosition": {"executed_lines": [], "summary": {"covered_lines": 0, "num_statements": 0, "percent_covered": 100.0, "percent_covered_display": "100", "missing_lines": 0, "excluded_lines": 0, "percent_statements_covered": 100.0, "percent_statements_covered_display": "100"}, "missing_lines": [], "excluded_lines": [], "start_line": 13}, "BusPositionWithTrail": {"executed_lines": [], "summary": {"covered_lines": 0, "num_statements": 0, "percent_covered": 100.0, "percent_covered_display": "100", "missing_lines": 0, "excluded_lines": 0, "percent_statements_covered": 100.0, "percent_statements_covered_display": "100"}, "missing_lines": [], "excluded_lines": [], "start_line": 29}, "BusDetail": {"executed_lines": [], "summary": {"covered_lines": 0, "num_statements": 0, "percent_covered": 100.0, "percent_covered_display": "100", "missing_lines": 0, "excluded_lines": 0, "percent_statements_covered": 100.0, "percent_statements_covered_display": "100"}, "missing_lines": [], "excluded_lines": [], "start_line": 34}, "Arrival": {"executed_lines": [], "summary": {"covered_lines": 0, "num_statements": 0, "percent_covered": 100.0, "percent_covered_display": "100", "missing_lines": 0, "excluded_lines": 0, "percent_statements_covered": 100.0, "percent_statements_covered_display": "100"}, "missing_lines": [], "excluded_lines": [], "start_line": 51}, "": {"executed_lines": [2, 4, 7, 8, 9, 10, 13, 14, 15, 16, 17, 18, 19, 20, 21, 22, 23, 24, 25, 26, 29, 31, 34, 46, 47, 48, 51, 52, 53, 54, 55, 56, 57, 59, 60, 61, 62, 64], "summary": {"covered_lines": 38, "num_statements": 38, "percent_covered": 100.0, "percent_covered_display": "100", "missing_lines": 0, "excluded_lines": 0, "percent_statements_covered": 100.0, "percent_statements_covered_display": "100"}, "missing_lines": [], "excluded_lines": [], "start_line": 1}}}, "app\\models\\canonical.py": {"executed_lines": [20, 22, 27, 34, 35, 36, 37, 38, 45, 46, 47, 48, 49, 50, 51, 52, 53, 55, 56, 57, 58, 65, 66, 67, 68, 69, 70, 71, 72, 73, 74, 78, 85, 86, 87, 88, 89, 90, 91, 92, 93, 96, 103, 104, 107, 108, 109, 110, 111, 112, 114, 115, 116, 123, 124, 125, 126, 127, 128, 129, 130, 131], "summary": {"covered_lines": 62, "num_statements": 62, "percent_covered": 100.0, "percent_covered_display": "100", "missing_lines": 0, "excluded_lines": 0, "percent_statements_covered": 100.0, "percent_statements_covered_display": "100"}, "missing_lines": [], "excluded_lines": [], "functions": {"": {"executed_lines": [20, 22, 27, 34, 35, 36, 37, 38, 45, 46, 47, 48, 49, 50, 51, 52, 53, 55, 56, 57, 58, 65, 66, 67, 68, 69, 70, 71, 72, 73, 74, 78, 85, 86, 87, 88, 89, 90, 91, 92, 93, 96, 103, 104, 107, 108, 109, 110, 111, 112, 114, 115, 116, 123, 124, 125, 126, 127, 128, 129, 130, 131], "summary": {"covered_lines": 62, "num_statements": 62, "percent_covered": 100.0, "percent_covered_display": "100", "missing_lines": 0, "excluded_lines": 0, "percent_statements_covered": 100.0, "percent_statements_covered_display": "100"}, "missing_lines": [], "excluded_lines": [], "start_line": 1}}, "classes": {"Amenities": {"executed_lines": [], "summary": {"covered_lines": 0, "num_statements": 0, "percent_covered": 100.0, "percent_covered_display": "100", "missing_lines": 0, "excluded_lines": 0, "percent_statements_covered": 100.0, "percent_statements_covered_display": "100"}, "missing_lines": [], "excluded_lines": [], "start_line": 34}, "CanonicalArrival": {"executed_lines": [], "summary": {"covered_lines": 0, "num_statements": 0, "percent_covered": 100.0, "percent_covered_display": "100", "missing_lines": 0, "excluded_lines": 0, "percent_statements_covered": 100.0, "percent_statements_covered_display": "100"}, "missing_lines": [], "excluded_lines": [], "start_line": 45}, "CanonicalBusPosition": {"executed_lines": [], "summary": {"covered_lines": 0, "num_statements": 0, "percent_covered": 100.0, "percent_covered_display": "100", "missing_lines": 0, "excluded_lines": 0, "percent_statements_covered": 100.0, "percent_statements_covered_display": "100"}, "missing_lines": [], "excluded_lines": [], "start_line": 65}, "CanonicalRouteStop": {"executed_lines": [], "summary": {"covered_lines": 0, "num_statements": 0, "percent_covered": 100.0, "percent_covered_display": "100", "missing_lines": 0, "excluded_lines": 0, "percent_statements_covered": 100.0, "percent_statements_covered_display": "100"}, "missing_lines": [], "excluded_lines": [], "start_line": 85}, "CanonicalScheduledDeparture": {"executed_lines": [], "summary": {"covered_lines": 0, "num_statements": 0, "percent_covered": 100.0, "percent_covered_display": "100", "missing_lines": 0, "excluded_lines": 0, "percent_statements_covered": 100.0, "percent_statements_covered_display": "100"}, "missing_lines": [], "excluded_lines": [], "start_line": 107}, "CanonicalStop": {"executed_lines": [], "summary": {"covered_lines": 0, "num_statements": 0, "percent_covered": 100.0, "percent_covered_display": "100", "missing_lines": 0, "excluded_lines": 0, "percent_statements_covered": 100.0, "percent_statements_covered_display": "100"}, "missing_lines": [], "excluded_lines": [], "start_line": 123}, "": {"executed_lines": [20, 22, 27, 34, 35, 36, 37, 38, 45, 46, 47, 48, 49, 50, 51, 52, 53, 55, 56, 57, 58, 65, 66, 67, 68, 69, 70, 71, 72, 73, 74, 78, 85, 86, 87, 88, 89, 90, 91, 92, 93, 96, 103, 104, 107, 108, 109, 110, 111, 112, 114, 115, 116, 123, 124, 125, 126, 127, 128, 129, 130, 131], "summary": {"covered_lines": 62, "num_statements": 62, "percent_covered": 100.0, "percent_covered_display": "100", "missing_lines": 0, "excluded_lines": 0, "percent_statements_covered": 100.0, "percent_statements_covered_display": "100"}, "missing_lines": [], "excluded_lines": [], "start_line": 1}}}, "app\\models\\garage.py": {"executed_lines": [2, 4, 7, 8, 9, 10, 11], "summary": {"covered_lines": 7, "num_statements": 7, "percent_covered": 100.0, "percent_covered_display": "100", "missing_lines": 0, "excluded_lines": 0, "percent_statements_covered": 100.0, "percent_statements_covered_display": "100"}, "missing_lines": [], "excluded_lines": [], "functions": {"": {"executed_lines": [2, 4, 7, 8, 9, 10, 11], "summary": {"covered_lines": 7, "num_statements": 7, "percent_covered": 100.0, "percent_covered_display": "100", "missing_lines": 0, "excluded_lines": 0, "percent_statements_covered": 100.0, "percent_statements_covered_display": "100"}, "missing_lines": [], "excluded_lines": [], "start_line": 1}}, "classes": {"Garage": {"executed_lines": [], "summary": {"covered_lines": 0, "num_statements": 0, "percent_covered": 100.0, "percent_covered_display": "100", "missing_lines": 0, "excluded_lines": 0, "percent_statements_covered": 100.0, "percent_statements_covered_display": "100"}, "missing_lines": [], "excluded_lines": [], "start_line": 7}, "": {"executed_lines": [2, 4, 7, 8, 9, 10, 11], "summary": {"covered_lines": 7, "num_statements": 7, "percent_covered": 100.0, "percent_covered_display": "100", "missing_lines": 0, "excluded_lines": 0, "percent_statements_covered": 100.0, "percent_statements_covered_display": "100"}, "missing_lines": [], "excluded_lines": [], "start_line": 1}}}, "app\\models\\route.py": {"executed_lines": [2, 4, 7, 8, 9, 10, 11, 12, 13, 14, 17, 18, 19, 20, 21, 22, 25, 27, 28, 29, 30, 31, 32, 35, 36, 37], "summary": {"covered_lines": 26, "num_statements": 26, "percent_covered": 100.0, "percent_covered_display": "100", "missing_lines": 0, "excluded_lines": 0, "percent_statements_covered": 100.0, "percent_statements_covered_display": "100"}, "missing_lines": [], "excluded_lines": [], "functions": {"": {"executed_lines": [2, 4, 7, 8, 9, 10, 11, 12, 13, 14, 17, 18, 19, 20, 21, 22, 25, 27, 28, 29, 30, 31, 32, 35, 36, 37], "summary": {"covered_lines": 26, "num_statements": 26, "percent_covered": 100.0, "percent_covered_display": "100", "missing_lines": 0, "excluded_lines": 0, "percent_statements_covered": 100.0, "percent_statements_covered_display": "100"}, "missing_lines": [], "excluded_lines": [], "start_line": 1}}, "classes": {"ScheduledDeparture": {"executed_lines": [], "summary": {"covered_lines": 0, "num_statements": 0, "percent_covered": 100.0, "percent_covered_display": "100", "missing_lines": 0, "excluded_lines": 0, "percent_statements_covered": 100.0, "percent_statements_covered_display": "100"}, "missing_lines": [], "excluded_lines": [], "start_line": 7}, "Announcement": {"executed_lines": [], "summary": {"covered_lines": 0, "num_statements": 0, "percent_covered": 100.0, "percent_covered_display": "100", "missing_lines": 0, "excluded_lines": 0, "percent_statements_covered": 100.0, "percent_statements_covered_display": "100"}, "missing_lines": [], "excluded_lines": [], "start_line": 17}, "RouteMetadata": {"executed_lines": [], "summary": {"covered_lines": 0, "num_statements": 0, "percent_covered": 100.0, "percent_covered_display": "100", "missing_lines": 0, "excluded_lines": 0, "percent_statements_covered": 100.0, "percent_statements_covered_display": "100"}, "missing_lines": [], "excluded_lines": [], "start_line": 25}, "RouteSearchResult": {"executed_lines": [], "summary": {"covered_lines": 0, "num_statements": 0, "percent_covered": 100.0, "percent_covered_display": "100", "missing_lines": 0, "excluded_lines": 0, "percent_statements_covered": 100.0, "percent_statements_covered_display": "100"}, "missing_lines": [], "excluded_lines": [], "start_line": 35}, "": {"executed_lines": [2, 4, 7, 8, 9, 10, 11, 12, 13, 14, 17, 18, 19, 20, 21, 22, 25, 27, 28, 29, 30, 31, 32, 35, 36, 37], "summary": {"covered_lines": 26, "num_statements": 26, "percent_covered": 100.0, "percent_covered_display": "100", "missing_lines": 0, "excluded_lines": 0, "percent_statements_covered": 100.0, "percent_statements_covered_display": "100"}, "missing_lines": [], "excluded_lines": [], "start_line": 1}}}, "app\\models\\stop.py": {"executed_lines": [2, 4, 7, 8, 9, 10, 13, 15, 16, 17, 18, 19, 22, 23, 24, 25, 26, 27, 28, 29, 30, 33, 35, 36, 37, 38, 39, 40, 41], "summary": {"covered_lines": 29, "num_statements": 29, "percent_covered": 100.0, "percent_covered_display": "100", "missing_lines": 0, "excluded_lines": 0, "percent_statements_covered": 100.0, "percent_statements_covered_display": "100"}, "missing_lines": [], "excluded_lines": [], "functions": {"": {"executed_lines": [2, 4, 7, 8, 9, 10, 13, 15, 16, 17, 18, 19, 22, 23, 24, 25, 26, 27, 28, 29, 30, 33, 35, 36, 37, 38, 39, 40, 41], "summary": {"covered_lines": 29, "num_statements": 29, "percent_covered": 100.0, "percent_covered_display": "100", "missing_lines": 0, "excluded_lines": 0, "percent_statements_covered": 100.0, "percent_statements_covered_display": "100"}, "missing_lines": [], "excluded_lines": [], "start_line": 1}}, "classes": {"StopSearchResult": {"executed_lines": [], "summary": {"covered_lines": 0, "num_statements": 0, "percent_covered": 100.0, "percent_covered_display": "100", "missing_lines": 0, "excluded_lines": 0, "percent_statements_covered": 100.0, "percent_statements_covered_display": "100"}, "missing_lines": [], "excluded_lines": [], "start_line": 7}, "StopDetail": {"executed_lines": [], "summary": {"covered_lines": 0, "num_statements": 0, "percent_covered": 100.0, "percent_covered_display": "100", "missing_lines": 0, "excluded_lines": 0, "percent_statements_covered": 100.0, "percent_statements_covered_display": "100"}, "missing_lines": [], "excluded_lines": [], "start_line": 13}, "RouteStop": {"executed_lines": [], "summary": {"covered_lines": 0, "num_statements": 0, "percent_covered": 100.0, "percent_covered_display": "100", "missing_lines": 0, "excluded_lines": 0, "percent_statements_covered": 100.0, "percent_statements_covered_display": "100"}, "missing_lines": [], "excluded_lines": [], "start_line": 22}, "NearbyStop": {"executed_lines": [], "summary": {"covered_lines": 0, "num_statements": 0, "percent_covered": 100.0, "percent_covered_display": "100", "missing_lines": 0, "excluded_lines": 0, "percent_statements_covered": 100.0, "percent_statements_covered_display": "100"}, "missing_lines": [], "excluded_lines": [], "start_line": 33}, "": {"executed_lines": [2, 4, 7, 8, 9, 10, 13, 15, 16, 17, 18, 19, 22, 23, 24, 25, 26, 27, 28, 29, 30, 33, 35, 36, 37, 38, 39, 40, 41], "summary": {"covered_lines": 29, "num_statements": 29, "percent_covered": 100.0, "percent_covered_display": "100", "missing_lines": 0, "excluded_lines": 0, "percent_statements_covered": 100.0, "percent_statements_covered_display": "100"}, "missing_lines": [], "excluded_lines": [], "start_line": 1}}}, "app\\models\\traffic.py": {"executed_lines": [2, 4, 7, 8, 9, 10, 11, 14, 15, 16], "summary": {"covered_lines": 10, "num_statements": 10, "percent_covered": 100.0, "percent_covered_display": "100", "missing_lines": 0, "excluded_lines": 0, "percent_statements_covered": 100.0, "percent_statements_covered_display": "100"}, "missing_lines": [], "excluded_lines": [], "functions": {"": {"executed_lines": [2, 4, 7, 8, 9, 10, 11, 14, 15, 16], "summary": {"covered_lines": 10, "num_statements": 10, "percent_covered": 100.0, "percent_covered_display": "100", "missing_lines": 0, "excluded_lines": 0, "percent_statements_covered": 100.0, "percent_statements_covered_display": "100"}, "missing_lines": [], "excluded_lines": [], "start_line": 1}}, "classes": {"TrafficSegment": {"executed_lines": [], "summary": {"covered_lines": 0, "num_statements": 0, "percent_covered": 100.0, "percent_covered_display": "100", "missing_lines": 0, "excluded_lines": 0, "percent_statements_covered": 100.0, "percent_statements_covered_display": "100"}, "missing_lines": [], "excluded_lines": [], "start_line": 7}, "TrafficIndex": {"executed_lines": [], "summary": {"covered_lines": 0, "num_statements": 0, "percent_covered": 100.0, "percent_covered_display": "100", "missing_lines": 0, "excluded_lines": 0, "percent_statements_covered": 100.0, "percent_statements_covered_display": "100"}, "missing_lines": [], "excluded_lines": [], "start_line": 14}, "": {"executed_lines": [2, 4, 7, 8, 9, 10, 11, 14, 15, 16], "summary": {"covered_lines": 10, "num_statements": 10, "percent_covered": 100.0, "percent_covered_display": "100", "missing_lines": 0, "excluded_lines": 0, "percent_statements_covered": 100.0, "percent_statements_covered_display": "100"}, "missing_lines": [], "excluded_lines": [], "start_line": 1}}}, "app\\routers\\__init__.py": {"executed_lines": [], "summary": {"covered_lines": 0, "num_statements": 0, "percent_covered": 100.0, "percent_covered_display": "100", "missing_lines": 0, "excluded_lines": 0, "percent_statements_covered": 100.0, "percent_statements_covered_display": "100"}, "missing_lines": [], "excluded_lines": [], "functions": {"": {"executed_lines": [], "summary": {"covered_lines": 0, "num_statements": 0, "percent_covered": 100.0, "percent_covered_display": "100", "missing_lines": 0, "excluded_lines": 0, "percent_statements_covered": 100.0, "percent_statements_covered_display": "100"}, "missing_lines": [], "excluded_lines": [], "start_line": 1}}, "classes": {"": {"executed_lines": [], "summary": {"covered_lines": 0, "num_statements": 0, "percent_covered": 100.0, "percent_covered_display": "100", "missing_lines": 0, "excluded_lines": 0, "percent_statements_covered": 100.0, "percent_statements_covered_display": "100"}, "missing_lines": [], "excluded_lines": [], "start_line": 1}}}, "app\\routers\\fleet.py": {"executed_lines": [9, 11, 13, 15, 23, 25, 26, 29, 30, 36, 37, 44, 45, 46, 47, 51, 54, 55, 57, 58, 59, 65, 66, 71, 74, 75, 84, 86, 87, 88, 89, 90, 91, 93, 94, 95, 96, 97, 99, 102, 103, 104, 106, 107, 108, 109, 110, 111, 113, 114, 115, 119, 123, 136, 137, 138, 139, 141, 142, 143, 144, 148, 151, 152, 154, 155, 156, 157, 158], "summary": {"covered_lines": 69, "num_statements": 71, "percent_covered": 97.1830985915493, "percent_covered_display": "97", "missing_lines": 2, "excluded_lines": 0, "percent_statements_covered": 97.1830985915493, "percent_statements_covered_display": "97"}, "missing_lines": [145, 146], "excluded_lines": [], "functions": {"_snapshot_with_trails": {"executed_lines": [30], "summary": {"covered_lines": 1, "num_statements": 1, "percent_covered": 100.0, "percent_covered_display": "100", "missing_lines": 0, "excluded_lines": 0, "percent_statements_covered": 100.0, "percent_statements_covered_display": "100"}, "missing_lines": [], "excluded_lines": [], "start_line": 29}, "get_fleet": {"executed_lines": [44, 45, 46, 47, 51], "summary": {"covered_lines": 5, "num_statements": 5, "percent_covered": 100.0, "percent_covered_display": "100", "missing_lines": 0, "excluded_lines": 0, "percent_statements_covered": 100.0, "percent_statements_covered_display": "100"}, "missing_lines": [], "excluded_lines": [], "start_line": 37}, "get_fleet_meta": {"executed_lines": [57, 58, 59], "summary": {"covered_lines": 3, "num_statements": 3, "percent_covered": 100.0, "percent_covered_display": "100", "missing_lines": 0, "excluded_lines": 0, "percent_statements_covered": 100.0, "percent_statements_covered_display": "100"}, "missing_lines": [], "excluded_lines": [], "start_line": 55}, "refresh_fleet": {"executed_lines": [71], "summary": {"covered_lines": 1, "num_statements": 1, "percent_covered": 100.0, "percent_covered_display": "100", "missing_lines": 0, "excluded_lines": 0, "percent_statements_covered": 100.0, "percent_statements_covered_display": "100"}, "missing_lines": [], "excluded_lines": [], "start_line": 66}, "get_bus_detail": {"executed_lines": [84, 86, 87, 88, 89, 90, 91, 93, 94, 95, 96, 97, 99, 102, 103, 104, 106, 107, 108, 109, 110, 111, 113, 114, 115, 119, 123, 136, 137, 138, 139, 141, 142, 143, 144, 148], "summary": {"covered_lines": 36, "num_statements": 38, "percent_covered": 94.73684210526316, "percent_covered_display": "95", "missing_lines": 2, "excluded_lines": 0, "percent_statements_covered": 94.73684210526316, "percent_statements_covered_display": "95"}, "missing_lines": [145, 146], "excluded_lines": [], "start_line": 75}, "get_bus": {"executed_lines": [154, 155, 156, 157, 158], "summary": {"covered_lines": 5, "num_statements": 5, "percent_covered": 100.0, "percent_covered_display": "100", "missing_lines": 0, "excluded_lines": 0, "percent_statements_covered": 100.0, "percent_statements_covered_display": "100"}, "missing_lines": [], "excluded_lines": [], "start_line": 152}, "": {"executed_lines": [9, 11, 13, 15, 23, 25, 26, 29, 36, 37, 54, 55, 65, 66, 74, 75, 151, 152], "summary": {"covered_lines": 18, "num_statements": 18, "percent_covered": 100.0, "percent_covered_display": "100", "missing_lines": 0, "excluded_lines": 0, "percent_statements_covered": 100.0, "percent_statements_covered_display": "100"}, "missing_lines": [], "excluded_lines": [], "start_line": 1}}, "classes": {"": {"executed_lines": [9, 11, 13, 15, 23, 25, 26, 29, 30, 36, 37, 44, 45, 46, 47, 51, 54, 55, 57, 58, 59, 65, 66, 71, 74, 75, 84, 86, 87, 88, 89, 90, 91, 93, 94, 95, 96, 97, 99, 102, 103, 104, 106, 107, 108, 109, 110, 111, 113, 114, 115, 119, 123, 136, 137, 138, 139, 141, 142, 143, 144, 148, 151, 152, 154, 155, 156, 157, 158], "summary": {"covered_lines": 69, "num_statements": 71, "percent_covered": 97.1830985915493, "percent_covered_display": "97", "missing_lines": 2, "excluded_lines": 0, "percent_statements_covered": 97.1830985915493, "percent_statements_covered_display": "97"}, "missing_lines": [145, 146], "excluded_lines": [], "start_line": 1}}}, "app\\routers\\garages.py": {"executed_lines": [2, 4, 6, 7, 8, 9, 11, 13, 14, 17, 18, 20, 21, 23, 24, 25, 28, 29, 30], "summary": {"covered_lines": 19, "num_statements": 22, "percent_covered": 86.36363636363636, "percent_covered_display": "86", "missing_lines": 3, "excluded_lines": 0, "percent_statements_covered": 86.36363636363636, "percent_statements_covered_display": "86"}, "missing_lines": [22, 26, 27], "excluded_lines": [], "functions": {"list_garages": {"executed_lines": [20, 21, 23, 24, 25, 28, 29, 30], "summary": {"covered_lines": 8, "num_statements": 11, "percent_covered": 72.72727272727273, "percent_covered_display": "73", "missing_lines": 3, "excluded_lines": 0, "percent_statements_covered": 72.72727272727273, "percent_statements_covered_display": "73"}, "missing_lines": [22, 26, 27], "excluded_lines": [], "start_line": 18}, "": {"executed_lines": [2, 4, 6, 7, 8, 9, 11, 13, 14, 17, 18], "summary": {"covered_lines": 11, "num_statements": 11, "percent_covered": 100.0, "percent_covered_display": "100", "missing_lines": 0, "excluded_lines": 0, "percent_statements_covered": 100.0, "percent_statements_covered_display": "100"}, "missing_lines": [], "excluded_lines": [], "start_line": 1}}, "classes": {"": {"executed_lines": [2, 4, 6, 7, 8, 9, 11, 13, 14, 17, 18, 20, 21, 23, 24, 25, 28, 29, 30], "summary": {"covered_lines": 19, "num_statements": 22, "percent_covered": 86.36363636363636, "percent_covered_display": "86", "missing_lines": 3, "excluded_lines": 0, "percent_statements_covered": 86.36363636363636, "percent_statements_covered_display": "86"}, "missing_lines": [22, 26, 27], "excluded_lines": [], "start_line": 1}}}, "app\\routers\\routes.py": {"executed_lines": [2, 4, 5, 7, 9, 10, 11, 12, 13, 14, 15, 16, 17, 19, 21, 24, 25, 27, 28, 29, 31, 32, 33, 36, 37, 38, 41, 42, 48, 49, 50, 53, 54, 57, 58, 60, 61, 64, 65, 66, 67, 70, 72, 73, 76, 77, 84, 86, 89, 92, 93, 94, 95, 97, 98, 106, 107, 110, 111, 112, 113, 114, 115, 116, 119, 120, 123, 124, 130, 131, 132, 133, 135, 136, 139, 140, 161, 162, 165, 166, 167, 168, 169, 170, 172, 173, 174, 175, 178, 179, 185, 186, 187, 190, 191, 194, 195, 210, 211, 214, 215, 216, 217, 220, 225, 227, 228, 231, 232, 234, 235, 236, 238, 239, 240, 243, 244, 245], "summary": {"covered_lines": 118, "num_statements": 143, "percent_covered": 82.51748251748252, "percent_covered_display": "83", "missing_lines": 25, "excluded_lines": 0, "percent_statements_covered": 82.51748251748252, "percent_statements_covered_display": "83"}, "missing_lines": [30, 34, 35, 51, 59, 68, 69, 96, 99, 100, 101, 102, 103, 104, 105, 144, 148, 188, 196, 197, 218, 219, 237, 241, 242], "excluded_lines": [], "functions": {"search_routes": {"executed_lines": [27, 28, 29, 31, 32, 33, 36, 37, 38], "summary": {"covered_lines": 9, "num_statements": 12, "percent_covered": 75.0, "percent_covered_display": "75", "missing_lines": 3, "excluded_lines": 0, "percent_statements_covered": 75.0, "percent_statements_covered_display": "75"}, "missing_lines": [30, 34, 35], "excluded_lines": [], "start_line": 25}, "get_route_metadata": {"executed_lines": [48, 49, 50, 53, 54, 57, 58, 60, 61, 64, 65, 66, 67, 70, 72, 73], "summary": {"covered_lines": 16, "num_statements": 20, "percent_covered": 80.0, "percent_covered_display": "80", "missing_lines": 4, "excluded_lines": 0, "percent_statements_covered": 80.0, "percent_statements_covered_display": "80"}, "missing_lines": [51, 59, 68, 69], "excluded_lines": [], "start_line": 42}, "get_route_buses": {"executed_lines": [84, 86, 89, 92, 93, 94, 95, 97, 98, 106, 107, 110, 111, 112, 113, 114, 115, 116, 119, 120], "summary": {"covered_lines": 20, "num_statements": 28, "percent_covered": 71.42857142857143, "percent_covered_display": "71", "missing_lines": 8, "excluded_lines": 0, "percent_statements_covered": 71.42857142857143, "percent_statements_covered_display": "71"}, "missing_lines": [96, 99, 100, 101, 102, 103, 104, 105], "excluded_lines": [], "start_line": 77}, "get_route_stops": {"executed_lines": [130, 131, 132, 133, 135, 136, 139, 140, 161, 162, 165, 166, 167, 168, 169, 170, 172, 173, 174, 175], "summary": {"covered_lines": 20, "num_statements": 22, "percent_covered": 90.9090909090909, "percent_covered_display": "91", "missing_lines": 2, "excluded_lines": 0, "percent_statements_covered": 90.9090909090909, "percent_statements_covered_display": "91"}, "missing_lines": [144, 148], "excluded_lines": [], "start_line": 124}, "get_route_schedule": {"executed_lines": [185, 186, 187, 190, 191, 194, 195, 210, 211, 214, 215, 216, 217, 220, 225, 227, 228], "summary": {"covered_lines": 17, "num_statements": 22, "percent_covered": 77.27272727272727, "percent_covered_display": "77", "missing_lines": 5, "excluded_lines": 0, "percent_statements_covered": 77.27272727272727, "percent_statements_covered_display": "77"}, "missing_lines": [188, 196, 197, 218, 219], "excluded_lines": [], "start_line": 179}, "get_route_announcements": {"executed_lines": [234, 235, 236, 238, 239, 240, 243, 244, 245], "summary": {"covered_lines": 9, "num_statements": 12, "percent_covered": 75.0, "percent_covered_display": "75", "missing_lines": 3, "excluded_lines": 0, "percent_statements_covered": 75.0, "percent_statements_covered_display": "75"}, "missing_lines": [237, 241, 242], "excluded_lines": [], "start_line": 232}, "": {"executed_lines": [2, 4, 5, 7, 9, 10, 11, 12, 13, 14, 15, 16, 17, 19, 21, 24, 25, 41, 42, 76, 77, 123, 124, 178, 179, 231, 232], "summary": {"covered_lines": 27, "num_statements": 27, "percent_covered": 100.0, "percent_covered_display": "100", "missing_lines": 0, "excluded_lines": 0, "percent_statements_covered": 100.0, "percent_statements_covered_display": "100"}, "missing_lines": [], "excluded_lines": [], "start_line": 1}}, "classes": {"": {"executed_lines": [2, 4, 5, 7, 9, 10, 11, 12, 13, 14, 15, 16, 17, 19, 21, 24, 25, 27, 28, 29, 31, 32, 33, 36, 37, 38, 41, 42, 48, 49, 50, 53, 54, 57, 58, 60, 61, 64, 65, 66, 67, 70, 72, 73, 76, 77, 84, 86, 89, 92, 93, 94, 95, 97, 98, 106, 107, 110, 111, 112, 113, 114, 115, 116, 119, 120, 123, 124, 130, 131, 132, 133, 135, 136, 139, 140, 161, 162, 165, 166, 167, 168, 169, 170, 172, 173, 174, 175, 178, 179, 185, 186, 187, 190, 191, 194, 195, 210, 211, 214, 215, 216, 217, 220, 225, 227, 228, 231, 232, 234, 235, 236, 238, 239, 240, 243, 244, 245], "summary": {"covered_lines": 118, "num_statements": 143, "percent_covered": 82.51748251748252, "percent_covered_display": "83", "missing_lines": 25, "excluded_lines": 0, "percent_statements_covered": 82.51748251748252, "percent_statements_covered_display": "83"}, "missing_lines": [30, 34, 35, 51, 59, 68, 69, 96, 99, 100, 101, 102, 103, 104, 105, 144, 148, 188, 196, 197, 218, 219, 237, 241, 242], "excluded_lines": [], "start_line": 1}}}, "app\\routers\\stops.py": {"executed_lines": [2, 4, 5, 7, 9, 10, 11, 12, 13, 14, 15, 16, 18, 20, 23, 25, 26, 27, 28, 29, 30, 33, 34, 36, 37, 38, 40, 41, 42, 45, 46, 47, 50, 51, 62, 65, 66, 67, 68, 69, 70, 71, 72, 76, 87, 88, 89, 92, 94, 95, 96, 97, 100, 101, 115, 116, 123, 124, 125, 126, 128, 129, 132, 133, 134, 135, 138, 139, 140, 143, 144, 145, 146, 149, 152, 157, 165, 168, 169, 170, 171, 172, 173, 176, 177, 179, 180, 181, 182, 183, 184, 185, 188, 189, 190, 193, 194, 196, 197, 198, 200, 201, 202, 203, 204, 205], "summary": {"covered_lines": 106, "num_statements": 131, "percent_covered": 80.91603053435115, "percent_covered_display": "81", "missing_lines": 25, "excluded_lines": 0, "percent_statements_covered": 80.91603053435115, "percent_statements_covered_display": "81"}, "missing_lines": [39, 43, 44, 73, 74, 75, 103, 104, 105, 109, 110, 111, 112, 147, 150, 151, 158, 159, 160, 161, 162, 163, 186, 187, 199], "excluded_lines": [], "functions": {"_haversine_m": {"executed_lines": [25, 26, 27, 28, 29, 30], "summary": {"covered_lines": 6, "num_statements": 6, "percent_covered": 100.0, "percent_covered_display": "100", "missing_lines": 0, "excluded_lines": 0, "percent_statements_covered": 100.0, "percent_statements_covered_display": "100"}, "missing_lines": [], "excluded_lines": [], "start_line": 23}, "search_stops": {"executed_lines": [36, 37, 38, 40, 41, 42, 45, 46, 47], "summary": {"covered_lines": 9, "num_statements": 12, "percent_covered": 75.0, "percent_covered_display": "75", "missing_lines": 3, "excluded_lines": 0, "percent_statements_covered": 75.0, "percent_statements_covered_display": "75"}, "missing_lines": [39, 43, 44], "excluded_lines": [], "start_line": 34}, "nearby_stops": {"executed_lines": [62, 65, 66, 67, 68, 69, 70, 71, 72, 76, 87, 88, 89, 92, 94, 95, 96, 97], "summary": {"covered_lines": 18, "num_statements": 21, "percent_covered": 85.71428571428571, "percent_covered_display": "86", "missing_lines": 3, "excluded_lines": 0, "percent_statements_covered": 85.71428571428571, "percent_statements_covered_display": "86"}, "missing_lines": [73, 74, 75], "excluded_lines": [], "start_line": 51}, "get_arrivals_raw": {"executed_lines": [], "summary": {"covered_lines": 0, "num_statements": 7, "percent_covered": 0.0, "percent_covered_display": "0", "missing_lines": 7, "excluded_lines": 0, "percent_statements_covered": 0.0, "percent_statements_covered_display": "0"}, "missing_lines": [103, 104, 105, 109, 110, 111, 112], "excluded_lines": [], "start_line": 101}, "get_arrivals": {"executed_lines": [123, 124, 125, 126, 128, 129, 132, 133, 134, 135, 138, 139, 140, 143, 144, 145, 146, 149, 152, 157, 165, 168, 169, 170, 171, 172, 173], "summary": {"covered_lines": 27, "num_statements": 36, "percent_covered": 75.0, "percent_covered_display": "75", "missing_lines": 9, "excluded_lines": 0, "percent_statements_covered": 75.0, "percent_statements_covered_display": "75"}, "missing_lines": [147, 150, 151, 158, 159, 160, 161, 162, 163], "excluded_lines": [], "start_line": 116}, "get_routes_at_stop": {"executed_lines": [179, 180, 181, 182, 183, 184, 185, 188, 189, 190], "summary": {"covered_lines": 10, "num_statements": 12, "percent_covered": 83.33333333333333, "percent_covered_display": "83", "missing_lines": 2, "excluded_lines": 0, "percent_statements_covered": 83.33333333333333, "percent_statements_covered_display": "83"}, "missing_lines": [186, 187], "excluded_lines": [], "start_line": 177}, "get_stop_detail": {"executed_lines": [196, 197, 198, 200, 201, 202, 203, 204, 205], "summary": {"covered_lines": 9, "num_statements": 10, "percent_covered": 90.0, "percent_covered_display": "90", "missing_lines": 1, "excluded_lines": 0, "percent_statements_covered": 90.0, "percent_statements_covered_display": "90"}, "missing_lines": [199], "excluded_lines": [], "start_line": 194}, "": {"executed_lines": [2, 4, 5, 7, 9, 10, 11, 12, 13, 14, 15, 16, 18, 20, 23, 33, 34, 50, 51, 100, 101, 115, 116, 176, 177, 193, 194], "summary": {"covered_lines": 27, "num_statements": 27, "percent_covered": 100.0, "percent_covered_display": "100", "missing_lines": 0, "excluded_lines": 0, "percent_statements_covered": 100.0, "percent_statements_covered_display": "100"}, "missing_lines": [], "excluded_lines": [], "start_line": 1}}, "classes": {"": {"executed_lines": [2, 4, 5, 7, 9, 10, 11, 12, 13, 14, 15, 16, 18, 20, 23, 25, 26, 27, 28, 29, 30, 33, 34, 36, 37, 38, 40, 41, 42, 45, 46, 47, 50, 51, 62, 65, 66, 67, 68, 69, 70, 71, 72, 76, 87, 88, 89, 92, 94, 95, 96, 97, 100, 101, 115, 116, 123, 124, 125, 126, 128, 129, 132, 133, 134, 135, 138, 139, 140, 143, 144, 145, 146, 149, 152, 157, 165, 168, 169, 170, 171, 172, 173, 176, 177, 179, 180, 181, 182, 183, 184, 185, 188, 189, 190, 193, 194, 196, 197, 198, 200, 201, 202, 203, 204, 205], "summary": {"covered_lines": 106, "num_statements": 131, "percent_covered": 80.91603053435115, "percent_covered_display": "81", "missing_lines": 25, "excluded_lines": 0, "percent_statements_covered": 80.91603053435115, "percent_statements_covered_display": "81"}, "missing_lines": [39, 43, 44, 73, 74, 75, 103, 104, 105, 109, 110, 111, 112, 147, 150, 151, 158, 159, 160, 161, 162, 163, 186, 187, 199], "excluded_lines": [], "start_line": 1}}}, "app\\routers\\traffic.py": {"executed_lines": [2, 4, 6, 7, 8, 9, 10, 11, 13, 16, 17, 19, 20, 21, 22, 23, 24, 25, 26, 27, 28, 29, 32, 33, 35, 36, 37, 38, 39, 40, 41, 42, 43, 44, 45, 46], "summary": {"covered_lines": 36, "num_statements": 36, "percent_covered": 100.0, "percent_covered_display": "100", "missing_lines": 0, "excluded_lines": 0, "percent_statements_covered": 100.0, "percent_statements_covered_display": "100"}, "missing_lines": [], "excluded_lines": [], "functions": {"get_traffic_index": {"executed_lines": [19, 20, 21, 22, 23, 24, 25, 26, 27, 28, 29], "summary": {"covered_lines": 11, "num_statements": 11, "percent_covered": 100.0, "percent_covered_display": "100", "missing_lines": 0, "excluded_lines": 0, "percent_statements_covered": 100.0, "percent_statements_covered_display": "100"}, "missing_lines": [], "excluded_lines": [], "start_line": 17}, "get_traffic_segments": {"executed_lines": [35, 36, 37, 38, 39, 40, 41, 42, 43, 44, 45, 46], "summary": {"covered_lines": 12, "num_statements": 12, "percent_covered": 100.0, "percent_covered_display": "100", "missing_lines": 0, "excluded_lines": 0, "percent_statements_covered": 100.0, "percent_statements_covered_display": "100"}, "missing_lines": [], "excluded_lines": [], "start_line": 33}, "": {"executed_lines": [2, 4, 6, 7, 8, 9, 10, 11, 13, 16, 17, 32, 33], "summary": {"covered_lines": 13, "num_statements": 13, "percent_covered": 100.0, "percent_covered_display": "100", "missing_lines": 0, "excluded_lines": 0, "percent_statements_covered": 100.0, "percent_statements_covered_display": "100"}, "missing_lines": [], "excluded_lines": [], "start_line": 1}}, "classes": {"": {"executed_lines": [2, 4, 6, 7, 8, 9, 10, 11, 13, 16, 17, 19, 20, 21, 22, 23, 24, 25, 26, 27, 28, 29, 32, 33, 35, 36, 37, 38, 39, 40, 41, 42, 43, 44, 45, 46], "summary": {"covered_lines": 36, "num_statements": 36, "percent_covered": 100.0, "percent_covered_display": "100", "missing_lines": 0, "excluded_lines": 0, "percent_statements_covered": 100.0, "percent_statements_covered_display": "100"}, "missing_lines": [], "excluded_lines": [], "start_line": 1}}}, "app\\services\\__init__.py": {"executed_lines": [], "summary": {"covered_lines": 0, "num_statements": 0, "percent_covered": 100.0, "percent_covered_display": "100", "missing_lines": 0, "excluded_lines": 0, "percent_statements_covered": 100.0, "percent_statements_covered_display": "100"}, "missing_lines": [], "excluded_lines": [], "functions": {"": {"executed_lines": [], "summary": {"covered_lines": 0, "num_statements": 0, "percent_covered": 100.0, "percent_covered_display": "100", "missing_lines": 0, "excluded_lines": 0, "percent_statements_covered": 100.0, "percent_statements_covered_display": "100"}, "missing_lines": [], "excluded_lines": [], "start_line": 1}}, "classes": {"": {"executed_lines": [], "summary": {"covered_lines": 0, "num_statements": 0, "percent_covered": 100.0, "percent_covered_display": "100", "missing_lines": 0, "excluded_lines": 0, "percent_statements_covered": 100.0, "percent_statements_covered_display": "100"}, "missing_lines": [], "excluded_lines": [], "start_line": 1}}}, "app\\services\\cache.py": {"executed_lines": [2, 4, 5, 6, 8, 9, 12, 13, 16, 17, 20, 21, 22, 23, 24, 25, 26, 27, 29, 30, 31, 34, 35, 36, 39, 40, 41, 42], "summary": {"covered_lines": 28, "num_statements": 28, "percent_covered": 100.0, "percent_covered_display": "100", "missing_lines": 0, "excluded_lines": 0, "percent_statements_covered": 100.0, "percent_statements_covered_display": "100"}, "missing_lines": [], "excluded_lines": [], "functions": {"_namespace": {"executed_lines": [17], "summary": {"covered_lines": 1, "num_statements": 1, "percent_covered": 100.0, "percent_covered_display": "100", "missing_lines": 0, "excluded_lines": 0, "percent_statements_covered": 100.0, "percent_statements_covered_display": "100"}, "missing_lines": [], "excluded_lines": [], "start_line": 16}, "cache_get": {"executed_lines": [21, 22, 23, 24, 25, 26, 27, 29, 30, 31], "summary": {"covered_lines": 10, "num_statements": 10, "percent_covered": 100.0, "percent_covered_display": "100", "missing_lines": 0, "excluded_lines": 0, "percent_statements_covered": 100.0, "percent_statements_covered_display": "100"}, "missing_lines": [], "excluded_lines": [], "start_line": 20}, "cache_set": {"executed_lines": [35, 36], "summary": {"covered_lines": 2, "num_statements": 2, "percent_covered": 100.0, "percent_covered_display": "100", "missing_lines": 0, "excluded_lines": 0, "percent_statements_covered": 100.0, "percent_statements_covered_display": "100"}, "missing_lines": [], "excluded_lines": [], "start_line": 34}, "get_cache_stats": {"executed_lines": [40, 41, 42], "summary": {"covered_lines": 3, "num_statements": 3, "percent_covered": 100.0, "percent_covered_display": "100", "missing_lines": 0, "excluded_lines": 0, "percent_statements_covered": 100.0, "percent_statements_covered_display": "100"}, "missing_lines": [], "excluded_lines": [], "start_line": 39}, "": {"executed_lines": [2, 4, 5, 6, 8, 9, 12, 13, 16, 20, 34, 39], "summary": {"covered_lines": 12, "num_statements": 12, "percent_covered": 100.0, "percent_covered_display": "100", "missing_lines": 0, "excluded_lines": 0, "percent_statements_covered": 100.0, "percent_statements_covered_display": "100"}, "missing_lines": [], "excluded_lines": [], "start_line": 1}}, "classes": {"": {"executed_lines": [2, 4, 5, 6, 8, 9, 12, 13, 16, 17, 20, 21, 22, 23, 24, 25, 26, 27, 29, 30, 31, 34, 35, 36, 39, 40, 41, 42], "summary": {"covered_lines": 28, "num_statements": 28, "percent_covered": 100.0, "percent_covered_display": "100", "missing_lines": 0, "excluded_lines": 0, "percent_statements_covered": 100.0, "percent_statements_covered_display": "100"}, "missing_lines": [], "excluded_lines": [], "start_line": 1}}}, "app\\services\\fleet_poller.py": {"executed_lines": [], "summary": {"covered_lines": 0, "num_statements": 16, "percent_covered": 0.0, "percent_covered_display": "0", "missing_lines": 16, "excluded_lines": 0, "percent_statements_covered": 0.0, "percent_statements_covered_display": "0"}, "missing_lines": [2, 4, 6, 9, 15, 16, 18, 19, 20, 21, 22, 23, 24, 25, 26, 27], "excluded_lines": [], "functions": {"refresh_fleet_once": {"executed_lines": [], "summary": {"covered_lines": 0, "num_statements": 12, "percent_covered": 0.0, "percent_covered_display": "0", "missing_lines": 12, "excluded_lines": 0, "percent_statements_covered": 0.0, "percent_statements_covered_display": "0"}, "missing_lines": [15, 16, 18, 19, 20, 21, 22, 23, 24, 25, 26, 27], "excluded_lines": [], "start_line": 9}, "": {"executed_lines": [], "summary": {"covered_lines": 0, "num_statements": 4, "percent_covered": 0.0, "percent_covered_display": "0", "missing_lines": 4, "excluded_lines": 0, "percent_statements_covered": 0.0, "percent_statements_covered_display": "0"}, "missing_lines": [2, 4, 6, 9], "excluded_lines": [], "start_line": 1}}, "classes": {"": {"executed_lines": [], "summary": {"covered_lines": 0, "num_statements": 16, "percent_covered": 0.0, "percent_covered_display": "0", "missing_lines": 16, "excluded_lines": 0, "percent_statements_covered": 0.0, "percent_statements_covered_display": "0"}, "missing_lines": [2, 4, 6, 9, 15, 16, 18, 19, 20, 21, 22, 23, 24, 25, 26, 27], "excluded_lines": [], "start_line": 1}}}, "app\\services\\iett_client.py": {"executed_lines": [6, 8, 9, 10, 12, 14, 15, 16, 17, 18, 19, 35, 37, 46, 50, 51, 52, 58, 59, 60, 64, 65, 71, 72, 73, 74, 76, 77, 78, 83, 84, 85, 86, 88, 89, 90, 95, 96, 97, 98, 104, 106, 111, 113, 115, 120, 126, 128, 132, 134, 136, 140, 142, 146, 150, 151, 152, 154, 156, 160, 162, 168, 170, 175, 176, 179, 180, 181, 184, 186, 188, 193, 195, 197, 202, 204, 206, 210, 212, 214, 218, 224, 233, 235, 239, 240, 241, 242, 243, 250, 252, 254, 259, 261, 263, 268, 269, 270, 271, 272], "summary": {"covered_lines": 100, "num_statements": 100, "percent_covered": 100.0, "percent_covered_display": "100", "missing_lines": 0, "excluded_lines": 0, "percent_statements_covered": 100.0, "percent_statements_covered_display": "100"}, "missing_lines": [], "excluded_lines": [], "functions": {"IettClient.__init__": {"executed_lines": [52], "summary": {"covered_lines": 1, "num_statements": 1, "percent_covered": 100.0, "percent_covered_display": "100", "missing_lines": 0, "excluded_lines": 0, "percent_statements_covered": 100.0, "percent_statements_covered_display": "100"}, "missing_lines": [], "excluded_lines": [], "start_line": 51}, "IettClient._soap_post": {"executed_lines": [59, 60, 64, 65, 71, 72, 73, 74], "summary": {"covered_lines": 8, "num_statements": 8, "percent_covered": 100.0, "percent_covered_display": "100", "missing_lines": 0, "excluded_lines": 0, "percent_statements_covered": 100.0, "percent_statements_covered_display": "100"}, "missing_lines": [], "excluded_lines": [], "start_line": 58}, "IettClient._get_text": {"executed_lines": [77, 78, 83, 84, 85, 86], "summary": {"covered_lines": 6, "num_statements": 6, "percent_covered": 100.0, "percent_covered_display": "100", "missing_lines": 0, "excluded_lines": 0, "percent_statements_covered": 100.0, "percent_statements_covered_display": "100"}, "missing_lines": [], "excluded_lines": [], "start_line": 76}, "IettClient._get_json": {"executed_lines": [89, 90, 95, 96, 97, 98], "summary": {"covered_lines": 6, "num_statements": 6, "percent_covered": 100.0, "percent_covered_display": "100", "missing_lines": 0, "excluded_lines": 0, "percent_statements_covered": 100.0, "percent_statements_covered_display": "100"}, "missing_lines": [], "excluded_lines": [], "start_line": 88}, "IettClient.get_all_buses": {"executed_lines": [106, 111], "summary": {"covered_lines": 2, "num_statements": 2, "percent_covered": 100.0, "percent_covered_display": "100", "missing_lines": 0, "excluded_lines": 0, "percent_statements_covered": 100.0, "percent_statements_covered_display": "100"}, "missing_lines": [], "excluded_lines": [], "start_line": 104}, "IettClient.get_route_buses": {"executed_lines": [115, 120], "summary": {"covered_lines": 2, "num_statements": 2, "percent_covered": 100.0, "percent_covered_display": "100", "missing_lines": 0, "excluded_lines": 0, "percent_statements_covered": 100.0, "percent_statements_covered_display": "100"}, "missing_lines": [], "excluded_lines": [], "start_line": 113}, "IettClient.get_stop_arrivals": {"executed_lines": [128, 132], "summary": {"covered_lines": 2, "num_statements": 2, "percent_covered": 100.0, "percent_covered_display": "100", "missing_lines": 0, "excluded_lines": 0, "percent_statements_covered": 100.0, "percent_statements_covered_display": "100"}, "missing_lines": [], "excluded_lines": [], "start_line": 126}, "IettClient.get_routes_at_stop": {"executed_lines": [136, 140], "summary": {"covered_lines": 2, "num_statements": 2, "percent_covered": 100.0, "percent_covered_display": "100", "missing_lines": 0, "excluded_lines": 0, "percent_statements_covered": 100.0, "percent_statements_covered_display": "100"}, "missing_lines": [], "excluded_lines": [], "start_line": 134}, "IettClient.get_stop_arrivals_via": {"executed_lines": [146, 150, 151, 152], "summary": {"covered_lines": 4, "num_statements": 4, "percent_covered": 100.0, "percent_covered_display": "100", "missing_lines": 0, "excluded_lines": 0, "percent_statements_covered": 100.0, "percent_statements_covered_display": "100"}, "missing_lines": [], "excluded_lines": [], "start_line": 142}, "IettClient.search_stops": {"executed_lines": [156, 160], "summary": {"covered_lines": 2, "num_statements": 2, "percent_covered": 100.0, "percent_covered_display": "100", "missing_lines": 0, "excluded_lines": 0, "percent_statements_covered": 100.0, "percent_statements_covered_display": "100"}, "missing_lines": [], "excluded_lines": [], "start_line": 154}, "IettClient.get_stop_detail": {"executed_lines": [168, 170, 175, 176, 179, 180, 181, 184], "summary": {"covered_lines": 8, "num_statements": 8, "percent_covered": 100.0, "percent_covered_display": "100", "missing_lines": 0, "excluded_lines": 0, "percent_statements_covered": 100.0, "percent_statements_covered_display": "100"}, "missing_lines": [], "excluded_lines": [], "start_line": 162}, "IettClient.get_all_stops": {"executed_lines": [188, 193], "summary": {"covered_lines": 2, "num_statements": 2, "percent_covered": 100.0, "percent_covered_display": "100", "missing_lines": 0, "excluded_lines": 0, "percent_statements_covered": 100.0, "percent_statements_covered_display": "100"}, "missing_lines": [], "excluded_lines": [], "start_line": 186}, "IettClient.get_garages": {"executed_lines": [197, 202], "summary": {"covered_lines": 2, "num_statements": 2, "percent_covered": 100.0, "percent_covered_display": "100", "missing_lines": 0, "excluded_lines": 0, "percent_statements_covered": 100.0, "percent_statements_covered_display": "100"}, "missing_lines": [], "excluded_lines": [], "start_line": 195}, "IettClient.search_routes": {"executed_lines": [206, 210], "summary": {"covered_lines": 2, "num_statements": 2, "percent_covered": 100.0, "percent_covered_display": "100", "missing_lines": 0, "excluded_lines": 0, "percent_statements_covered": 100.0, "percent_statements_covered_display": "100"}, "missing_lines": [], "excluded_lines": [], "start_line": 204}, "IettClient.get_route_metadata": {"executed_lines": [214, 218], "summary": {"covered_lines": 2, "num_statements": 2, "percent_covered": 100.0, "percent_covered_display": "100", "missing_lines": 0, "excluded_lines": 0, "percent_statements_covered": 100.0, "percent_statements_covered_display": "100"}, "missing_lines": [], "excluded_lines": [], "start_line": 212}, "IettClient.get_route_stops": {"executed_lines": [233, 235, 239, 240, 241, 242, 243, 250], "summary": {"covered_lines": 8, "num_statements": 8, "percent_covered": 100.0, "percent_covered_display": "100", "missing_lines": 0, "excluded_lines": 0, "percent_statements_covered": 100.0, "percent_statements_covered_display": "100"}, "missing_lines": [], "excluded_lines": [], "start_line": 224}, "IettClient.get_route_schedule": {"executed_lines": [254, 259], "summary": {"covered_lines": 2, "num_statements": 2, "percent_covered": 100.0, "percent_covered_display": "100", "missing_lines": 0, "excluded_lines": 0, "percent_statements_covered": 100.0, "percent_statements_covered_display": "100"}, "missing_lines": [], "excluded_lines": [], "start_line": 252}, "IettClient.get_announcements": {"executed_lines": [263, 268, 269, 270, 271, 272], "summary": {"covered_lines": 6, "num_statements": 6, "percent_covered": 100.0, "percent_covered_display": "100", "missing_lines": 0, "excluded_lines": 0, "percent_statements_covered": 100.0, "percent_statements_covered_display": "100"}, "missing_lines": [], "excluded_lines": [], "start_line": 261}, "": {"executed_lines": [6, 8, 9, 10, 12, 14, 15, 16, 17, 18, 19, 35, 37, 46, 50, 51, 58, 76, 88, 104, 113, 126, 134, 142, 154, 162, 186, 195, 204, 212, 224, 252, 261], "summary": {"covered_lines": 33, "num_statements": 33, "percent_covered": 100.0, "percent_covered_display": "100", "missing_lines": 0, "excluded_lines": 0, "percent_statements_covered": 100.0, "percent_statements_covered_display": "100"}, "missing_lines": [], "excluded_lines": [], "start_line": 1}}, "classes": {"IettApiError": {"executed_lines": [], "summary": {"covered_lines": 0, "num_statements": 0, "percent_covered": 100.0, "percent_covered_display": "100", "missing_lines": 0, "excluded_lines": 0, "percent_statements_covered": 100.0, "percent_statements_covered_display": "100"}, "missing_lines": [], "excluded_lines": [], "start_line": 46}, "IettClient": {"executed_lines": [52, 59, 60, 64, 65, 71, 72, 73, 74, 77, 78, 83, 84, 85, 86, 89, 90, 95, 96, 97, 98, 106, 111, 115, 120, 128, 132, 136, 140, 146, 150, 151, 152, 156, 160, 168, 170, 175, 176, 179, 180, 181, 184, 188, 193, 197, 202, 206, 210, 214, 218, 233, 235, 239, 240, 241, 242, 243, 250, 254, 259, 263, 268, 269, 270, 271, 272], "summary": {"covered_lines": 67, "num_statements": 67, "percent_covered": 100.0, "percent_covered_display": "100", "missing_lines": 0, "excluded_lines": 0, "percent_statements_covered": 100.0, "percent_statements_covered_display": "100"}, "missing_lines": [], "excluded_lines": [], "start_line": 50}, "": {"executed_lines": [6, 8, 9, 10, 12, 14, 15, 16, 17, 18, 19, 35, 37, 46, 50, 51, 58, 76, 88, 104, 113, 126, 134, 142, 154, 162, 186, 195, 204, 212, 224, 252, 261], "summary": {"covered_lines": 33, "num_statements": 33, "percent_covered": 100.0, "percent_covered_display": "100", "missing_lines": 0, "excluded_lines": 0, "percent_statements_covered": 100.0, "percent_statements_covered_display": "100"}, "missing_lines": [], "excluded_lines": [], "start_line": 1}}}, "app\\services\\iett_parser.py": {"executed_lines": [5, 7, 8, 9, 10, 12, 14, 15, 16, 17, 19, 23, 26, 28, 29, 30, 32, 33, 36, 43, 48, 49, 50, 51, 53, 57, 58, 74, 77, 82, 83, 84, 85, 86, 88, 89, 90, 91, 92, 93, 94, 109, 116, 118, 119, 120, 121, 122, 123, 124, 126, 127, 128, 137, 144, 146, 147, 158, 160, 161, 162, 163, 164, 165, 166, 179, 186, 188, 189, 190, 191, 192, 203, 210, 212, 213, 214, 215, 216, 220, 229, 230, 232, 233, 234, 235, 236, 237, 238, 240, 254, 261, 272, 273, 274, 275, 276, 278, 280, 281, 282, 283, 284, 286, 287, 288, 290, 291, 292, 293, 294, 295, 296, 297, 298, 300, 310, 317, 319, 330, 336, 337, 338, 339, 340, 342, 344, 346, 350, 361, 363, 364, 365, 366, 367, 368, 369, 372, 375, 377, 378, 379, 380, 382, 386, 388, 391, 392, 395, 396, 397, 398, 399, 402, 409, 411, 412, 413, 414, 415, 416, 420, 423, 424, 425, 426, 427, 431, 446, 449, 459, 460, 461, 462, 463, 464, 465, 466, 467, 468, 469, 470, 472, 484, 491, 499, 500, 501, 502, 503, 504, 513], "summary": {"covered_lines": 192, "num_statements": 228, "percent_covered": 84.21052631578948, "percent_covered_display": "84", "missing_lines": 36, "excluded_lines": 0, "percent_statements_covered": 84.21052631578948, "percent_statements_covered_display": "84"}, "missing_lines": [31, 34, 35, 72, 73, 107, 108, 125, 177, 178, 201, 202, 217, 239, 252, 253, 277, 285, 289, 299, 345, 370, 371, 387, 400, 401, 421, 429, 430, 438, 439, 471, 482, 483, 511, 512], "excluded_lines": [], "functions": {"_extract_soap_json": {"executed_lines": [28, 29, 30, 32, 33, 36], "summary": {"covered_lines": 6, "num_statements": 9, "percent_covered": 66.66666666666667, "percent_covered_display": "67", "missing_lines": 3, "excluded_lines": 0, "percent_statements_covered": 66.66666666666667, "percent_statements_covered_display": "67"}, "missing_lines": [31, 34, 35], "excluded_lines": [], "start_line": 26}, "parse_all_fleet_xml": {"executed_lines": [48, 49, 50, 51, 53, 57, 58, 74], "summary": {"covered_lines": 8, "num_statements": 10, "percent_covered": 80.0, "percent_covered_display": "80", "missing_lines": 2, "excluded_lines": 0, "percent_statements_covered": 80.0, "percent_statements_covered_display": "80"}, "missing_lines": [72, 73], "excluded_lines": [], "start_line": 43}, "parse_route_fleet_xml": {"executed_lines": [82, 83, 84, 85, 86, 88, 89, 90, 91, 92, 93, 94, 109], "summary": {"covered_lines": 13, "num_statements": 15, "percent_covered": 86.66666666666667, "percent_covered_display": "87", "missing_lines": 2, "excluded_lines": 0, "percent_statements_covered": 86.66666666666667, "percent_statements_covered_display": "87"}, "missing_lines": [107, 108], "excluded_lines": [], "start_line": 77}, "parse_stop_arrivals_html": {"executed_lines": [118, 119, 120, 121, 122, 123, 124, 126, 127, 128, 137], "summary": {"covered_lines": 11, "num_statements": 12, "percent_covered": 91.66666666666667, "percent_covered_display": "92", "missing_lines": 1, "excluded_lines": 0, "percent_statements_covered": 91.66666666666667, "percent_statements_covered_display": "92"}, "missing_lines": [125], "excluded_lines": [], "start_line": 116}, "parse_routes_from_html": {"executed_lines": [146, 147], "summary": {"covered_lines": 2, "num_statements": 2, "percent_covered": 100.0, "percent_covered_display": "100", "missing_lines": 0, "excluded_lines": 0, "percent_statements_covered": 100.0, "percent_statements_covered_display": "100"}, "missing_lines": [], "excluded_lines": [], "start_line": 144}, "parse_route_schedule_xml": {"executed_lines": [160, 161, 162, 163, 164, 165, 166, 179], "summary": {"covered_lines": 8, "num_statements": 10, "percent_covered": 80.0, "percent_covered_display": "80", "missing_lines": 2, "excluded_lines": 0, "percent_statements_covered": 80.0, "percent_statements_covered_display": "80"}, "missing_lines": [177, 178], "excluded_lines": [], "start_line": 158}, "parse_announcements_xml": {"executed_lines": [188, 189, 190, 191, 192, 203], "summary": {"covered_lines": 6, "num_statements": 8, "percent_covered": 75.0, "percent_covered_display": "75", "missing_lines": 2, "excluded_lines": 0, "percent_statements_covered": 75.0, "percent_statements_covered_display": "75"}, "missing_lines": [201, 202], "excluded_lines": [], "start_line": 186}, "_findtext_multi": {"executed_lines": [212, 213, 214, 215, 216], "summary": {"covered_lines": 5, "num_statements": 6, "percent_covered": 83.33333333333333, "percent_covered_display": "83", "missing_lines": 1, "excluded_lines": 0, "percent_statements_covered": 83.33333333333333, "percent_statements_covered_display": "83"}, "missing_lines": [217], "excluded_lines": [], "start_line": 210}, "parse_route_stops_xml": {"executed_lines": [229, 230, 232, 233, 234, 235, 236, 237, 238, 240, 254], "summary": {"covered_lines": 11, "num_statements": 14, "percent_covered": 78.57142857142857, "percent_covered_display": "79", "missing_lines": 3, "excluded_lines": 0, "percent_statements_covered": 78.57142857142857, "percent_statements_covered_display": "79"}, "missing_lines": [239, 252, 253], "excluded_lines": [], "start_line": 220}, "parse_route_stops_html": {"executed_lines": [272, 273, 274, 275, 276, 278, 280, 281, 282, 283, 284, 286, 287, 288, 290, 291, 292, 293, 294, 295, 296, 297, 298, 300, 310], "summary": {"covered_lines": 25, "num_statements": 29, "percent_covered": 86.20689655172414, "percent_covered_display": "86", "missing_lines": 4, "excluded_lines": 0, "percent_statements_covered": 86.20689655172414, "percent_statements_covered_display": "86"}, "missing_lines": [277, 285, 289, 299], "excluded_lines": [], "start_line": 261}, "parse_search_results": {"executed_lines": [319], "summary": {"covered_lines": 1, "num_statements": 1, "percent_covered": 100.0, "percent_covered_display": "100", "missing_lines": 0, "excluded_lines": 0, "percent_statements_covered": 100.0, "percent_statements_covered_display": "100"}, "missing_lines": [], "excluded_lines": [], "start_line": 317}, "parse_route_search_results": {"executed_lines": [336, 337, 338, 339, 340, 342, 344, 346, 350], "summary": {"covered_lines": 9, "num_statements": 10, "percent_covered": 90.0, "percent_covered_display": "90", "missing_lines": 1, "excluded_lines": 0, "percent_statements_covered": 90.0, "percent_statements_covered_display": "90"}, "missing_lines": [345], "excluded_lines": [], "start_line": 330}, "_coord_float": {"executed_lines": [363, 364, 365, 366, 367, 368, 369, 372], "summary": {"covered_lines": 8, "num_statements": 10, "percent_covered": 80.0, "percent_covered_display": "80", "missing_lines": 2, "excluded_lines": 0, "percent_statements_covered": 80.0, "percent_statements_covered_display": "80"}, "missing_lines": [370, 371], "excluded_lines": [], "start_line": 361}, "parse_garages_xml": {"executed_lines": [377, 378, 379, 380, 382, 386, 388, 391, 392, 395, 396, 397, 398, 399, 402], "summary": {"covered_lines": 15, "num_statements": 18, "percent_covered": 83.33333333333333, "percent_covered_display": "83", "missing_lines": 3, "excluded_lines": 0, "percent_statements_covered": 83.33333333333333, "percent_statements_covered_display": "83"}, "missing_lines": [387, 400, 401], "excluded_lines": [], "start_line": 375}, "parse_stop_detail_xml": {"executed_lines": [411, 412, 413, 414, 415, 416, 420, 423, 424, 425, 426, 427, 431], "summary": {"covered_lines": 13, "num_statements": 18, "percent_covered": 72.22222222222223, "percent_covered_display": "72", "missing_lines": 5, "excluded_lines": 0, "percent_statements_covered": 72.22222222222223, "percent_statements_covered_display": "72"}, "missing_lines": [421, 429, 430, 438, 439], "excluded_lines": [], "start_line": 409}, "parse_all_stops_json": {"executed_lines": [459, 460, 461, 462, 463, 464, 465, 466, 467, 468, 469, 470, 472, 484], "summary": {"covered_lines": 14, "num_statements": 17, "percent_covered": 82.3529411764706, "percent_covered_display": "82", "missing_lines": 3, "excluded_lines": 0, "percent_statements_covered": 82.3529411764706, "percent_statements_covered_display": "82"}, "missing_lines": [471, 482, 483], "excluded_lines": [], "start_line": 449}, "parse_route_metadata_json": {"executed_lines": [499, 500, 501, 502, 503, 504, 513], "summary": {"covered_lines": 7, "num_statements": 9, "percent_covered": 77.77777777777777, "percent_covered_display": "78", "missing_lines": 2, "excluded_lines": 0, "percent_statements_covered": 77.77777777777777, "percent_statements_covered_display": "78"}, "missing_lines": [511, 512], "excluded_lines": [], "start_line": 491}, "": {"executed_lines": [5, 7, 8, 9, 10, 12, 14, 15, 16, 17, 19, 23, 26, 43, 77, 116, 144, 158, 186, 210, 220, 261, 317, 330, 361, 375, 409, 446, 449, 491], "summary": {"covered_lines": 30, "num_statements": 30, "percent_covered": 100.0, "percent_covered_display": "100", "missing_lines": 0, "excluded_lines": 0, "percent_statements_covered": 100.0, "percent_statements_covered_display": "100"}, "missing_lines": [], "excluded_lines": [], "start_line": 1}}, "classes": {"": {"executed_lines": [5, 7, 8, 9, 10, 12, 14, 15, 16, 17, 19, 23, 26, 28, 29, 30, 32, 33, 36, 43, 48, 49, 50, 51, 53, 57, 58, 74, 77, 82, 83, 84, 85, 86, 88, 89, 90, 91, 92, 93, 94, 109, 116, 118, 119, 120, 121, 122, 123, 124, 126, 127, 128, 137, 144, 146, 147, 158, 160, 161, 162, 163, 164, 165, 166, 179, 186, 188, 189, 190, 191, 192, 203, 210, 212, 213, 214, 215, 216, 220, 229, 230, 232, 233, 234, 235, 236, 237, 238, 240, 254, 261, 272, 273, 274, 275, 276, 278, 280, 281, 282, 283, 284, 286, 287, 288, 290, 291, 292, 293, 294, 295, 296, 297, 298, 300, 310, 317, 319, 330, 336, 337, 338, 339, 340, 342, 344, 346, 350, 361, 363, 364, 365, 366, 367, 368, 369, 372, 375, 377, 378, 379, 380, 382, 386, 388, 391, 392, 395, 396, 397, 398, 399, 402, 409, 411, 412, 413, 414, 415, 416, 420, 423, 424, 425, 426, 427, 431, 446, 449, 459, 460, 461, 462, 463, 464, 465, 466, 467, 468, 469, 470, 472, 484, 491, 499, 500, 501, 502, 503, 504, 513], "summary": {"covered_lines": 192, "num_statements": 228, "percent_covered": 84.21052631578948, "percent_covered_display": "84", "missing_lines": 36, "excluded_lines": 0, "percent_statements_covered": 84.21052631578948, "percent_statements_covered_display": "84"}, "missing_lines": [31, 34, 35, 72, 73, 107, 108, 125, 177, 178, 201, 202, 217, 239, 252, 253, 277, 285, 289, 299, 345, 370, 371, 387, 400, 401, 421, 429, 430, 438, 439, 471, 482, 483, 511, 512], "excluded_lines": [], "start_line": 1}}}, "app\\services\\normalizers\\__init__.py": {"executed_lines": [10, 12], "summary": {"covered_lines": 2, "num_statements": 2, "percent_covered": 100.0, "percent_covered_display": "100", "missing_lines": 0, "excluded_lines": 0, "percent_statements_covered": 100.0, "percent_statements_covered_display": "100"}, "missing_lines": [], "excluded_lines": [], "functions": {"": {"executed_lines": [10, 12], "summary": {"covered_lines": 2, "num_statements": 2, "percent_covered": 100.0, "percent_covered_display": "100", "missing_lines": 0, "excluded_lines": 0, "percent_statements_covered": 100.0, "percent_statements_covered_display": "100"}, "missing_lines": [], "excluded_lines": [], "start_line": 1}}, "classes": {"": {"executed_lines": [10, 12], "summary": {"covered_lines": 2, "num_statements": 2, "percent_covered": 100.0, "percent_covered_display": "100", "missing_lines": 0, "excluded_lines": 0, "percent_statements_covered": 100.0, "percent_statements_covered_display": "100"}, "missing_lines": [], "excluded_lines": [], "start_line": 1}}}, "app\\services\\normalizers\\arrivals.py": {"executed_lines": [7, 9, 11, 14, 29, 30, 51, 58, 78, 79, 80, 85, 87, 88, 89, 90, 95, 101, 103, 104, 105, 106, 107, 108, 109], "summary": {"covered_lines": 25, "num_statements": 30, "percent_covered": 83.33333333333333, "percent_covered_display": "83", "missing_lines": 5, "excluded_lines": 0, "percent_statements_covered": 83.33333333333333, "percent_statements_covered_display": "83"}, "missing_lines": [81, 82, 91, 92, 102], "excluded_lines": [], "functions": {"from_ntcapi_ybs": {"executed_lines": [29, 30], "summary": {"covered_lines": 2, "num_statements": 2, "percent_covered": 100.0, "percent_covered_display": "100", "missing_lines": 0, "excluded_lines": 0, "percent_statements_covered": 100.0, "percent_statements_covered_display": "100"}, "missing_lines": [], "excluded_lines": [], "start_line": 14}, "from_iett_html": {"executed_lines": [58], "summary": {"covered_lines": 1, "num_statements": 1, "percent_covered": 100.0, "percent_covered_display": "100", "missing_lines": 0, "excluded_lines": 0, "percent_statements_covered": 100.0, "percent_statements_covered_display": "100"}, "missing_lines": [], "excluded_lines": [], "start_line": 51}, "_safe_int": {"executed_lines": [79, 80], "summary": {"covered_lines": 2, "num_statements": 4, "percent_covered": 50.0, "percent_covered_display": "50", "missing_lines": 2, "excluded_lines": 0, "percent_statements_covered": 50.0, "percent_statements_covered_display": "50"}, "missing_lines": [81, 82], "excluded_lines": [], "start_line": 78}, "_safe_bool": {"executed_lines": [87, 88, 89, 90], "summary": {"covered_lines": 4, "num_statements": 6, "percent_covered": 66.66666666666667, "percent_covered_display": "67", "missing_lines": 2, "excluded_lines": 0, "percent_statements_covered": 66.66666666666667, "percent_statements_covered_display": "67"}, "missing_lines": [91, 92], "excluded_lines": [], "start_line": 85}, "_parse_son_konum": {"executed_lines": [101, 103, 104, 105, 106, 107, 108, 109], "summary": {"covered_lines": 8, "num_statements": 9, "percent_covered": 88.88888888888889, "percent_covered_display": "89", "missing_lines": 1, "excluded_lines": 0, "percent_statements_covered": 88.88888888888889, "percent_statements_covered_display": "89"}, "missing_lines": [102], "excluded_lines": [], "start_line": 95}, "": {"executed_lines": [7, 9, 11, 14, 51, 78, 85, 95], "summary": {"covered_lines": 8, "num_statements": 8, "percent_covered": 100.0, "percent_covered_display": "100", "missing_lines": 0, "excluded_lines": 0, "percent_statements_covered": 100.0, "percent_statements_covered_display": "100"}, "missing_lines": [], "excluded_lines": [], "start_line": 1}}, "classes": {"": {"executed_lines": [7, 9, 11, 14, 29, 30, 51, 58, 78, 79, 80, 85, 87, 88, 89, 90, 95, 101, 103, 104, 105, 106, 107, 108, 109], "summary": {"covered_lines": 25, "num_statements": 30, "percent_covered": 83.33333333333333, "percent_covered_display": "83", "missing_lines": 5, "excluded_lines": 0, "percent_statements_covered": 83.33333333333333, "percent_statements_covered_display": "83"}, "missing_lines": [81, 82, 91, 92, 102], "excluded_lines": [], "start_line": 1}}}, "app\\services\\normalizers\\positions.py": {"executed_lines": [13, 15, 17, 20, 33, 37, 53, 66, 84, 85, 86, 91, 92, 93], "summary": {"covered_lines": 14, "num_statements": 18, "percent_covered": 77.77777777777777, "percent_covered_display": "78", "missing_lines": 4, "excluded_lines": 0, "percent_statements_covered": 77.77777777777777, "percent_s
[...]
tatements_covered_display": "100"}, "missing_lines": [], "excluded_lines": [], "start_line": 1}}, "classes": {"": {"executed_lines": [7, 9, 11, 14, 29, 31, 32, 33, 34, 38, 39, 40, 42, 55, 63, 76, 99, 100, 101, 106, 107, 108], "summary": {"covered_lines": 22, "num_statements": 28, "percent_covered": 78.57142857142857, "percent_covered_display": "79", "missing_lines": 6, "excluded_lines": 0, "percent_statements_covered": 78.57142857142857, "percent_statements_covered_display": "79"}, "missing_lines": [36, 82, 102, 103, 109, 110], "excluded_lines": [], "start_line": 1}}}, "app\\services\\normalizers\\schedule.py": {"executed_lines": [7, 9, 11, 14, 22, 34, 35, 37, 38, 40, 42, 54, 60, 76, 79, 80, 81, 82, 83, 84], "summary": {"covered_lines": 20, "num_statements": 20, "percent_covered": 100.0, "percent_covered_display": "100", "missing_lines": 0, "excluded_lines": 0, "percent_statements_covered": 100.0, "percent_statements_covered_display": "100"}, "missing_lines": [], "excluded_lines": [], "functions": {"from_ntcapi_timetable": {"executed_lines": [34, 35, 37, 38, 40, 42], "summary": {"covered_lines": 6, "num_statements": 6, "percent_covered": 100.0, "percent_covered_display": "100", "missing_lines": 0, "excluded_lines": 0, "percent_statements_covered": 100.0, "percent_statements_covered_display": "100"}, "missing_lines": [], "excluded_lines": [], "start_line": 22}, "from_iett_soap_schedule": {"executed_lines": [60], "summary": {"covered_lines": 1, "num_statements": 1, "percent_covered": 100.0, "percent_covered_display": "100", "missing_lines": 0, "excluded_lines": 0, "percent_statements_covered": 100.0, "percent_statements_covered_display": "100"}, "missing_lines": [], "excluded_lines": [], "start_line": 54}, "_extract_hhmm": {"executed_lines": [79, 80, 81, 82, 83, 84], "summary": {"covered_lines": 6, "num_statements": 6, "percent_covered": 100.0, "percent_covered_display": "100", "missing_lines": 0, "excluded_lines": 0, "percent_statements_covered": 100.0, "percent_statements_covered_display": "100"}, "missing_lines": [], "excluded_lines": [], "start_line": 76}, "": {"executed_lines": [7, 9, 11, 14, 22, 54, 76], "summary": {"covered_lines": 7, "num_statements": 7, "percent_covered": 100.0, "percent_covered_display": "100", "missing_lines": 0, "excluded_lines": 0, "percent_statements_covered": 100.0, "percent_statements_covered_display": "100"}, "missing_lines": [], "excluded_lines": [], "start_line": 1}}, "classes": {"": {"executed_lines": [7, 9, 11, 14, 22, 34, 35, 37, 38, 40, 42, 54, 60, 76, 79, 80, 81, 82, 83, 84], "summary": {"covered_lines": 20, "num_statements": 20, "percent_covered": 100.0, "percent_covered_display": "100", "missing_lines": 0, "excluded_lines": 0, "percent_statements_covered": 100.0, "percent_statements_covered_display": "100"}, "missing_lines": [], "excluded_lines": [], "start_line": 1}}}, "app\\services\\normalizers\\stops.py": {"executed_lines": [6, 8, 10, 13, 26, 27, 28, 30, 42, 49, 65, 66, 67], "summary": {"covered_lines": 13, "num_statements": 15, "percent_covered": 86.66666666666667, "percent_covered_display": "87", "missing_lines": 2, "excluded_lines": 0, "percent_statements_covered": 86.66666666666667, "percent_statements_covered_display": "87"}, "missing_lines": [68, 69], "excluded_lines": [], "functions": {"from_ntcapi_nearby": {"executed_lines": [26, 27, 28, 30], "summary": {"covered_lines": 4, "num_statements": 4, "percent_covered": 100.0, "percent_covered_display": "100", "missing_lines": 0, "excluded_lines": 0, "percent_statements_covered": 100.0, "percent_statements_covered_display": "100"}, "missing_lines": [], "excluded_lines": [], "start_line": 13}, "from_ntcapi_nearby_processed": {"executed_lines": [49], "summary": {"covered_lines": 1, "num_statements": 1, "percent_covered": 100.0, "percent_covered_display": "100", "missing_lines": 0, "excluded_lines": 0, "percent_statements_covered": 100.0, "percent_statements_covered_display": "100"}, "missing_lines": [], "excluded_lines": [], "start_line": 42}, "_safe_float": {"executed_lines": [66, 67], "summary": {"covered_lines": 2, "num_statements": 4, "percent_covered": 50.0, "percent_covered_display": "50", "missing_lines": 2, "excluded_lines": 0, "percent_statements_covered": 50.0, "percent_statements_covered_display": "50"}, "missing_lines": [68, 69], "excluded_lines": [], "start_line": 65}, "": {"executed_lines": [6, 8, 10, 13, 42, 65], "summary": {"covered_lines": 6, "num_statements": 6, "percent_covered": 100.0, "percent_covered_display": "100", "missing_lines": 0, "excluded_lines": 0, "percent_statements_covered": 100.0, "percent_statements_covered_display": "100"}, "missing_lines": [], "excluded_lines": [], "start_line": 1}}, "classes": {"": {"executed_lines": [6, 8, 10, 13, 26, 27, 28, 30, 42, 49, 65, 66, 67], "summary": {"covered_lines": 13, "num_statements": 15, "percent_covered": 86.66666666666667, "percent_covered_display": "87", "missing_lines": 2, "excluded_lines": 0, "percent_statements_covered": 86.66666666666667, "percent_statements_covered_display": "87"}, "missing_lines": [68, 69], "excluded_lines": [], "start_line": 1}}}, "app\\services\\ntcapi_client.py": {"executed_lines": [9, 11, 12, 13, 14, 16, 18, 23, 25, 26, 27, 30, 31, 32, 35, 39, 42, 44, 47, 53, 58, 59, 60, 73, 79, 97, 101, 131, 155, 216, 226, 230, 256, 310, 322, 354, 361], "summary": {"covered_lines": 37, "num_statements": 151, "percent_covered": 24.503311258278146, "percent_covered_display": "25", "missing_lines": 114, "excluded_lines": 2, "percent_statements_covered": 24.503311258278146, "percent_statements_covered_display": "25"}, "missing_lines": [40, 45, 61, 63, 65, 66, 68, 69, 70, 80, 81, 89, 90, 91, 92, 111, 119, 120, 121, 122, 123, 124, 125, 126, 127, 128, 140, 141, 142, 143, 144, 145, 169, 170, 171, 175, 182, 183, 184, 185, 186, 187, 188, 189, 190, 191, 192, 193, 204, 205, 208, 209, 210, 212, 213, 231, 232, 233, 234, 235, 236, 237, 238, 239, 240, 241, 253, 267, 269, 277, 278, 279, 280, 281, 282, 283, 284, 285, 286, 287, 288, 289, 290, 291, 292, 293, 294, 295, 296, 297, 298, 307, 318, 319, 332, 340, 341, 342, 343, 344, 351, 355, 356, 357, 358, 363, 364, 365, 366, 367, 368, 369, 370, 371], "excluded_lines": [20, 21], "functions": {"_ensure_token": {"executed_lines": [39, 42, 44, 47, 53, 58, 59, 60], "summary": {"covered_lines": 8, "num_statements": 17, "percent_covered": 47.05882352941177, "percent_covered_display": "47", "missing_lines": 9, "excluded_lines": 0, "percent_statements_covered": 47.05882352941177, "percent_statements_covered_display": "47"}, "missing_lines": [40, 45, 61, 63, 65, 66, 68, 69, 70], "excluded_lines": [], "start_line": 35}, "_call_service": {"executed_lines": [79], "summary": {"covered_lines": 1, "num_statements": 7, "percent_covered": 14.285714285714286, "percent_covered_display": "14", "missing_lines": 6, "excluded_lines": 0, "percent_statements_covered": 14.285714285714286, "percent_statements_covered_display": "14"}, "missing_lines": [80, 81, 89, 90, 91, 92], "excluded_lines": [], "start_line": 73}, "get_stop_arrivals": {"executed_lines": [], "summary": {"covered_lines": 0, "num_statements": 11, "percent_covered": 0.0, "percent_covered_display": "0", "missing_lines": 11, "excluded_lines": 0, "percent_statements_covered": 0.0, "percent_statements_covered_display": "0"}, "missing_lines": [111, 119, 120, 121, 122, 123, 124, 125, 126, 127, 128], "excluded_lines": [], "start_line": 101}, "get_bus_location": {"executed_lines": [], "summary": {"covered_lines": 0, "num_statements": 6, "percent_covered": 0.0, "percent_covered_display": "0", "missing_lines": 6, "excluded_lines": 0, "percent_statements_covered": 0.0, "percent_statements_covered_display": "0"}, "missing_lines": [140, 141, 142, 143, 144, 145], "excluded_lines": [], "start_line": 131}, "get_route_stops": {"executed_lines": [], "summary": {"covered_lines": 0, "num_statements": 23, "percent_covered": 0.0, "percent_covered_display": "0", "missing_lines": 23, "excluded_lines": 0, "percent_statements_covered": 0.0, "percent_statements_covered_display": "0"}, "missing_lines": [169, 170, 171, 175, 182, 183, 184, 185, 186, 187, 188, 189, 190, 191, 192, 193, 204, 205, 208, 209, 210, 212, 213], "excluded_lines": [], "start_line": 155}, "get_route_metadata": {"executed_lines": [226, 230], "summary": {"covered_lines": 2, "num_statements": 14, "percent_covered": 14.285714285714286, "percent_covered_display": "14", "missing_lines": 12, "excluded_lines": 0, "percent_statements_covered": 14.285714285714286, "percent_statements_covered_display": "14"}, "missing_lines": [231, 232, 233, 234, 235, 236, 237, 238, 239, 240, 241, 253], "excluded_lines": [], "start_line": 216}, "get_route_buses_ybs": {"executed_lines": [], "summary": {"covered_lines": 0, "num_statements": 25, "percent_covered": 0.0, "percent_covered_display": "0", "missing_lines": 25, "excluded_lines": 0, "percent_statements_covered": 0.0, "percent_statements_covered_display": "0"}, "missing_lines": [267, 269, 277, 278, 279, 280, 281, 282, 283, 284, 285, 286, 287, 288, 289, 290, 291, 292, 293, 294, 295, 296, 297, 298, 307], "excluded_lines": [], "start_line": 256}, "get_timetable": {"executed_lines": [], "summary": {"covered_lines": 0, "num_statements": 2, "percent_covered": 0.0, "percent_covered_display": "0", "missing_lines": 2, "excluded_lines": 0, "percent_statements_covered": 0.0, "percent_statements_covered_display": "0"}, "missing_lines": [318, 319], "excluded_lines": [], "start_line": 310}, "get_nearby_stops": {"executed_lines": [], "summary": {"covered_lines": 0, "num_statements": 7, "percent_covered": 0.0, "percent_covered_display": "0", "missing_lines": 7, "excluded_lines": 0, "percent_statements_covered": 0.0, "percent_statements_covered_display": "0"}, "missing_lines": [332, 340, 341, 342, 343, 344, 351], "excluded_lines": [], "start_line": 322}, "_safe_int": {"executed_lines": [], "summary": {"covered_lines": 0, "num_statements": 4, "percent_covered": 0.0, "percent_covered_display": "0", "missing_lines": 4, "excluded_lines": 0, "percent_statements_covered": 0.0, "percent_statements_covered_display": "0"}, "missing_lines": [355, 356, 357, 358], "excluded_lines": [], "start_line": 354}, "_parse_son_konum": {"executed_lines": [], "summary": {"covered_lines": 0, "num_statements": 9, "percent_covered": 0.0, "percent_covered_display": "0", "missing_lines": 9, "excluded_lines": 0, "percent_statements_covered": 0.0, "percent_statements_covered_display": "0"}, "missing_lines": [363, 364, 365, 366, 367, 368, 369, 370, 371], "excluded_lines": [], "start_line": 361}, "": {"executed_lines": [9, 11, 12, 13, 14, 16, 18, 23, 25, 26, 27, 30, 31, 32, 35, 73, 97, 101, 131, 155, 216, 256, 310, 322, 354, 361], "summary": {"covered_lines": 26, "num_statements": 26, "percent_covered": 100.0, "percent_covered_display": "100", "missing_lines": 0, "excluded_lines": 2, "percent_statements_covered": 100.0, "percent_statements_covered_display": "100"}, "missing_lines": [], "excluded_lines": [20, 21], "start_line": 1}}, "classes": {"NtcApiError": {"executed_lines": [], "summary": {"covered_lines": 0, "num_statements": 0, "percent_covered": 100.0, "percent_covered_display": "100", "missing_lines": 0, "excluded_lines": 0, "percent_statements_covered": 100.0, "percent_statements_covered_display": "100"}, "missing_lines": [], "excluded_lines": [], "start_line": 97}, "": {"executed_lines": [9, 11, 12, 13, 14, 16, 18, 23, 25, 26, 27, 30, 31, 32, 35, 39, 42, 44, 47, 53, 58, 59, 60, 73, 79, 97, 101, 131, 155, 216, 226, 230, 256, 310, 322, 354, 361], "summary": {"covered_lines": 37, "num_statements": 151, "percent_covered": 24.503311258278146, "percent_covered_display": "25", "missing_lines": 114, "excluded_lines": 2, "percent_statements_covered": 24.503311258278146, "percent_statements_covered_display": "25"}, "missing_lines": [40, 45, 61, 63, 65, 66, 68, 69, 70, 80, 81, 89, 90, 91, 92, 111, 119, 120, 121, 122, 123, 124, 125, 126, 127, 128, 140, 141, 142, 143, 144, 145, 169, 170, 171, 175, 182, 183, 184, 185, 186, 187, 188, 189, 190, 191, 192, 193, 204, 205, 208, 209, 210, 212, 213, 231, 232, 233, 234, 235, 236, 237, 238, 239, 240, 241, 253, 267, 269, 277, 278, 279, 280, 281, 282, 283, 284, 285, 286, 287, 288, 289, 290, 291, 292, 293, 294, 295, 296, 297, 298, 307, 318, 319, 332, 340, 341, 342, 343, 344, 351, 355, 356, 357, 358, 363, 364, 365, 366, 367, 368, 369, 370, 371], "excluded_lines": [20, 21], "start_line": 1}}}, "app\\services\\osrm.py": {"executed_lines": [7, 9, 10, 12, 14, 16, 19, 21, 22, 23, 26, 29, 37, 38, 39, 40, 41, 42, 50], "summary": {"covered_lines": 19, "num_statements": 31, "percent_covered": 61.29032258064516, "percent_covered_display": "61", "missing_lines": 12, "excluded_lines": 0, "percent_statements_covered": 61.29032258064516, "percent_statements_covered_display": "61"}, "missing_lines": [62, 66, 67, 72, 73, 74, 75, 77, 78, 84, 85, 86], "excluded_lines": [], "functions": {"haversine": {"executed_lines": [21, 22, 23, 26], "summary": {"covered_lines": 4, "num_statements": 4, "percent_covered": 100.0, "percent_covered_display": "100", "missing_lines": 0, "excluded_lines": 0, "percent_statements_covered": 100.0, "percent_statements_covered_display": "100"}, "missing_lines": [], "excluded_lines": [], "start_line": 19}, "haversine_eta": {"executed_lines": [37, 38, 39, 40, 41, 42], "summary": {"covered_lines": 6, "num_statements": 6, "percent_covered": 100.0, "percent_covered_display": "100", "missing_lines": 0, "excluded_lines": 0, "percent_statements_covered": 100.0, "percent_statements_covered_display": "100"}, "missing_lines": [], "excluded_lines": [], "start_line": 29}, "osrm_route": {"executed_lines": [], "summary": {"covered_lines": 0, "num_statements": 12, "percent_covered": 0.0, "percent_covered_display": "0", "missing_lines": 12, "excluded_lines": 0, "percent_statements_covered": 0.0, "percent_statements_covered_display": "0"}, "missing_lines": [62, 66, 67, 72, 73, 74, 75, 77, 78, 84, 85, 86], "excluded_lines": [], "start_line": 50}, "": {"executed_lines": [7, 9, 10, 12, 14, 16, 19, 29, 50], "summary": {"covered_lines": 9, "num_statements": 9, "percent_covered": 100.0, "percent_covered_display": "100", "missing_lines": 0, "excluded_lines": 0, "percent_statements_covered": 100.0, "percent_statements_covered_display": "100"}, "missing_lines": [], "excluded_lines": [], "start_line": 1}}, "classes": {"": {"executed_lines": [7, 9, 10, 12, 14, 16, 19, 21, 22, 23, 26, 29, 37, 38, 39, 40, 41, 42, 50], "summary": {"covered_lines": 19, "num_statements": 31, "percent_covered": 61.29032258064516, "percent_covered_display": "61", "missing_lines": 12, "excluded_lines": 0, "percent_statements_covered": 61.29032258064516, "percent_statements_covered_display": "61"}, "missing_lines": [62, 66, 67, 72, 73, 74, 75, 77, 78, 84, 85, 86], "excluded_lines": [], "start_line": 1}}}, "app\\services\\stop_indexer.py": {"executed_lines": [5, 7, 8, 10, 12, 15, 20, 21, 23, 24, 25, 26, 27, 28, 29, 30, 31, 32, 33, 34, 37, 38, 41, 42, 43, 44, 45], "summary": {"covered_lines": 27, "num_statements": 29, "percent_covered": 93.10344827586206, "percent_covered_display": "93", "missing_lines": 2, "excluded_lines": 0, "percent_statements_covered": 93.10344827586206, "percent_statements_covered_display": "93"}, "missing_lines": [35, 36], "excluded_lines": [], "functions": {"index_stops_forever": {"executed_lines": [20, 21, 23, 24, 25, 26, 27, 28, 29, 30, 31, 32, 33, 34, 37, 38, 41, 42, 43, 44, 45], "summary": {"covered_lines": 21, "num_statements": 23, "percent_covered": 91.30434782608695, "percent_covered_display": "91", "missing_lines": 2, "excluded_lines": 0, "percent_statements_covered": 91.30434782608695, "percent_statements_covered_display": "91"}, "missing_lines": [35, 36], "excluded_lines": [], "start_line": 15}, "": {"executed_lines": [5, 7, 8, 10, 12, 15], "summary": {"covered_lines": 6, "num_statements": 6, "percent_covered": 100.0, "percent_covered_display": "100", "missing_lines": 0, "excluded_lines": 0, "percent_statements_covered": 100.0, "percent_statements_covered_display": "100"}, "missing_lines": [], "excluded_lines": [], "start_line": 1}}, "classes": {"": {"executed_lines": [5, 7, 8, 10, 12, 15, 20, 21, 23, 24, 25, 26, 27, 28, 29, 30, 31, 32, 33, 34, 37, 38, 41, 42, 43, 44, 45], "summary": {"covered_lines": 27, "num_statements": 29, "percent_covered": 93.10344827586206, "percent_covered_display": "93", "missing_lines": 2, "excluded_lines": 0, "percent_statements_covered": 93.10344827586206, "percent_statements_covered_display": "93"}, "missing_lines": [35, 36], "excluded_lines": [], "start_line": 1}}}, "app\\services\\traffic.py": {"executed_lines": [2, 4, 6, 8, 9, 10, 12, 14, 25, 26, 27, 29, 30, 31, 32, 35, 36, 37, 38, 40, 42, 43, 44, 45, 47, 49, 50, 51, 52, 53, 54, 55, 63, 64, 65], "summary": {"covered_lines": 35, "num_statements": 35, "percent_covered": 100.0, "percent_covered_display": "100", "missing_lines": 0, "excluded_lines": 0, "percent_statements_covered": 100.0, "percent_statements_covered_display": "100"}, "missing_lines": [], "excluded_lines": [], "functions": {"TrafficClient.__init__": {"executed_lines": [27], "summary": {"covered_lines": 1, "num_statements": 1, "percent_covered": 100.0, "percent_covered_display": "100", "missing_lines": 0, "excluded_lines": 0, "percent_statements_covered": 100.0, "percent_statements_covered_display": "100"}, "missing_lines": [], "excluded_lines": [], "start_line": 26}, "TrafficClient._get_json": {"executed_lines": [30, 31, 32, 35, 36, 37, 38], "summary": {"covered_lines": 7, "num_statements": 7, "percent_covered": 100.0, "percent_covered_display": "100", "missing_lines": 0, "excluded_lines": 0, "percent_statements_covered": 100.0, "percent_statements_covered_display": "100"}, "missing_lines": [], "excluded_lines": [], "start_line": 29}, "TrafficClient.get_traffic_index": {"executed_lines": [42, 43, 44, 45], "summary": {"covered_lines": 4, "num_statements": 4, "percent_covered": 100.0, "percent_covered_display": "100", "missing_lines": 0, "excluded_lines": 0, "percent_statements_covered": 100.0, "percent_statements_covered_display": "100"}, "missing_lines": [], "excluded_lines": [], "start_line": 40}, "TrafficClient.get_traffic_segments": {"executed_lines": [49, 50, 51, 52, 53, 54, 55, 63, 64, 65], "summary": {"covered_lines": 10, "num_statements": 10, "percent_covered": 100.0, "percent_covered_display": "100", "missing_lines": 0, "excluded_lines": 0, "percent_statements_covered": 100.0, "percent_statements_covered_display": "100"}, "missing_lines": [], "excluded_lines": [], "start_line": 47}, "": {"executed_lines": [2, 4, 6, 8, 9, 10, 12, 14, 25, 26, 29, 40, 47], "summary": {"covered_lines": 13, "num_statements": 13, "percent_covered": 100.0, "percent_covered_display": "100", "missing_lines": 0, "excluded_lines": 0, "percent_statements_covered": 100.0, "percent_statements_covered_display": "100"}, "missing_lines": [], "excluded_lines": [], "start_line": 1}}, "classes": {"TrafficClient": {"executed_lines": [27, 30, 31, 32, 35, 36, 37, 38, 42, 43, 44, 45, 49, 50, 51, 52, 53, 54, 55, 63, 64, 65], "summary": {"covered_lines": 22, "num_statements": 22, "percent_covered": 100.0, "percent_covered_display": "100", "missing_lines": 0, "excluded_lines": 0, "percent_statements_covered": 100.0, "percent_statements_covered_display": "100"}, "missing_lines": [], "excluded_lines": [], "start_line": 25}, "": {"executed_lines": [2, 4, 6, 8, 9, 10, 12, 14, 25, 26, 29, 40, 47], "summary": {"covered_lines": 13, "num_statements": 13, "percent_covered": 100.0, "percent_covered_display": "100", "missing_lines": 0, "excluded_lines": 0, "percent_statements_covered": 100.0, "percent_statements_covered_display": "100"}, "missing_lines": [], "excluded_lines": [], "start_line": 1}}}}, "totals": {"covered_lines": 1203, "num_statements": 1500, "percent_covered": 80.2, "percent_covered_display": "80", "missing_lines": 297, "excluded_lines": 5, "percent_statements_covered": 80.2, "percent_statements_covered_display": "80"}}